Loading manual_opensecrets_name_mapping.json...
  Lookup entries: 774  (covers 500 Fortune 500 firms)

Loading lob_lobbying.txt (ind=y only, 2019-2020)...
  [lobbying] Skipped 57,016 ind!=y rows (superseded originals and double-count subsidiary records)

-- OpenSecrets name-mapping coverage (116th Congress, ind=y only) --
  Valid ind=y reports in 2019-2020: 97,750
  Matched to Fortune 500          : 4,576  (4.7%)
  Fortune 500 firms matched       : 382 / 500
  Not matched (118): A-MARK PRECIOUS METALS, ADVANCE AUTO PARTS, AGCO, ALBERTSONS, ALLEGHANY, AMERICAN AXLE & MANUFACTURING, AMPHENOL, ANADARKO PETROLEUM, ANALOG DEVICES, ANIXTER INTERNATIONAL, ANTHEM, ASBURY AUTOMOTIVE GROUP ...

-- Report statistics (ind=y only) --
  Total valid F500 reports      : 4,576
  Self-filer (isfirm=='')       : 2,529  (55.3%)
  External registrant           : 2,047  (44.7%)
  Unique Fortune 500 firms      : 382
  Unique registrants            : 576
  Reports with amount           : 4,576
  Total expenditure             : $1,740,083,075
  Median per-report amount      : $90,000

  Self-type breakdown (Data User Guide 'Self' field):
    'p'  : 2,069  (self-filer parent)
    'n'  :   945  (non-self-filer parent)
    'm'  :   514  (non-self-filer subsidiary of non-self-filer parent)
    'x'  :   318  (self-filer subsidiary of non-self-filer parent)
    'c'  :   314  (non-self-filer subsidiary of self-filer parent (same catorder))
    'b'  :   273  (non-self-filer subsidiary of self-filer parent (diff catorder))
    's'  :   135  (self-filer subsidiary of self-filer parent)
    'i'  :     4  (non-self-filer of self-filer parent (same catorder) — usually ind='')
    'e'  :     4  (non-self-filer subsidiary of self-filer subsidiary)

Loading lob_lobbyist.txt...
  Reports with >= 1 lobbyist    : 4,479 / 4,576
  Unique lobbyist names         : 2,268
  Filtered to active reports    : 4,479  (dropped 97 no-lobbyist retainer/no-activity filings)

Building lobbyist-client pairs (with IDs)...
  Unique (lobbyist, firm) pairs : 2,594
  Unique lobbyist IDs           : 2,264
  Fortune 500 firms covered     : 381
  Pairs -> /Users/prathitkurup/Library/CloudStorage/OneDrive-BowdoinCollege/Desktop/Independent Study/Lobbying-Networks-Research/data/lobbyist_client_116_opensecrets.csv

Loading bill data (lob_issue.txt -> lob_bills.txt)...
  F500 reports with issue entries  : 4,479 / 4,479
  Issue entries with linked bills  : 6,864
  F500 reports with >= 1 bill      : 2,338 / 4,479
  Total report-bill linkages       : 23,535
  Avg bills per report (with bills): 10.1

  Expanded rows (report x bill)    : 25,676
  Rows with a bill_number          : 23,535
  Rows without bill (report-only)  : 2,141

  Output -> /Users/prathitkurup/Library/CloudStorage/OneDrive-BowdoinCollege/Desktop/Independent Study/Lobbying-Networks-Research/data/opensecrets_lda_reports.csv
  Rows: 25,676  |  Columns: 16

-- Sample rows (first 5) --
       fortune_name bill_number          registrant    amount  amount_allocated  is_self_filer self_type  year
FIFTH THIRD BANCORP    H.R.2513 Fifth Third Bancorp  342000.0     114000.000000           True         p  2020
FIFTH THIRD BANCORP      S.2155 Fifth Third Bancorp  342000.0     114000.000000           True         p  2020
FIFTH THIRD BANCORP      S.3548 Fifth Third Bancorp  342000.0     114000.000000           True         p  2020
      UNION PACIFIC   H.J.RES.1  Union Pacific Corp 1122824.0     102074.909091           True         p  2019
      UNION PACIFIC    H.R.1748  Union Pacific Corp 1122824.0     102074.909091           True         p  2019

Extracting issue codes (lob_issue.txt)...
  F500 reports with issue codes    : 4,479 / 4,479
  Total report-issue linkages      : 17,995
  Unique issue codes               : 76
  Issues output -> /Users/prathitkurup/Library/CloudStorage/OneDrive-BowdoinCollege/Desktop/Independent Study/Lobbying-Networks-Research/data/opensecrets_lda_issues.csv
  Rows: 17,995  |  Columns: 7
