======================================================================
Multi-Congress Pipeline  (extraction + RBO directed influence)
NOTE: Early-congress coverage depends on name-mapping completeness.
======================================================================
Lookup entries: 774  (500 firms in mapping)


============================================================
Congress 111  (2009–2010)
============================================================
  ind=y reports 2009-2010        : 115,638
  Matched to name mapping       : 3,995  (3.5%)
  Firms matched                 : 336 / 500
  Not matched (164)            : A-MARK PRECIOUS METALS, ABBVIE, ALBERTSONS, ALLEGHANY, ALTICE USA, AMERICAN AIRLINES GROUP, AMERICAN AXLE & MANUFACTURING, AMPHENOL ...
  Active reports (≥1 lobbyist)  : 3,777  (dropped 218)
  Reports CSV written            : 37,717 rows
  Issues CSV written             : 15,367 rows

  Running RBO directed influence...
  36,286 rows  |  287 firms  |  2599 bills

[prevalence filter] bill_number: removed 20 / 2599 units with df > 50 (0.8%)
  Ranked lists CSV -> ranked_bill_lists.csv  (272 firms, 4782 rows)
  Firms with ranked lists        : 272

  Total edges in DiGraph: 12,330  (6,165 unique pairs: decisive=3,837  balanced=2,328)
  Mean RBO:               0.0436
  Mean net_temporal (decisive pairs): 1.47
  Mean shared_bills (decisive pairs): 2.8

  Top 8 agenda-setters (net_strength):
    Firm                                          net_str   net_inf   Firsts   Losses
    IBM                                           11.1580      +144      175       31
    XCEL ENERGY                                   10.5399       +90       94        4
    AMERICAN FAMILY INSURANCE GROUP                9.3110       +70       70        0
    DUKE ENERGY                                    8.0125       +90      100       10
    DOMINION ENERGY                                7.8379       +78      102       24
    LOCKHEED MARTIN                                5.8458      +112      115        3
    BOEING                                         5.6152       +58       72       14
    HERSHEY                                        5.3842       +33       33        0

  Top 5 followers (lowest net_strength):
    WEC ENERGY GROUP                              -7.0712       -50        2       52
    ALLY FINANCIAL                                -7.9611       -99        5      104
    TRAVELERS                                     -8.0184      -102        2      104
    SOUTHERN                                      -9.0925       -77       39      116
    GENERAL DYNAMICS                             -10.6224      -103        7      110
  Edges CSV written              : 12,330 edges
  Node attrs CSV written         : 272 nodes
  GML written (272 nodes, 12330 edges) -> /Users/prathitkurup/Library/CloudStorage/OneDrive-BowdoinCollege/Desktop/Independent Study/Lobbying-Networks-Research/visualizations/gml/rbo_directed_influence_111.gml
  PNG saved -> /Users/prathitkurup/Library/CloudStorage/OneDrive-BowdoinCollege/Desktop/Independent Study/Lobbying-Networks-Research/visualizations/png/rbo_directed_influence_111.png
  PNG written                    : rbo_directed_influence_111.png

============================================================
Congress 112  (2011–2012)
============================================================
  ind=y reports 2011-2012        : 95,476
  Matched to name mapping       : 3,931  (4.1%)
  Firms matched                 : 342 / 500
  Not matched (158)            : A-MARK PRECIOUS METALS, ABBVIE, ALBERTSONS, ALLEGHANY, ALTICE USA, AMERICAN AIRLINES GROUP, AMERICAN AXLE & MANUFACTURING, AMERICAN TOWER ...
  Active reports (≥1 lobbyist)  : 3,882  (dropped 49)
  Reports CSV written            : 35,972 rows
  Issues CSV written             : 15,505 rows

  Running RBO directed influence...
  34,356 rows  |  285 firms  |  2372 bills

[prevalence filter] bill_number: removed 11 / 2372 units with df > 50 (0.5%)
  Ranked lists CSV -> ranked_bill_lists.csv  (284 firms, 4908 rows)
  Firms with ranked lists        : 284

  Total edges in DiGraph: 12,758  (6,379 unique pairs: decisive=3,598  balanced=2,781)
  Mean RBO:               0.0529
  Mean net_temporal (decisive pairs): 1.53
  Mean shared_bills (decisive pairs): 3.2

  Top 8 agenda-setters (net_strength):
    Firm                                          net_str   net_inf   Firsts   Losses
    MICROSOFT                                     10.3742       +98      112       14
    DUKE ENERGY                                    7.9361       +82       84        2
    EXELON                                         7.7737       +75       79        4
    BERKSHIRE HATHAWAY                             7.2353       +45       47        2
    BOSTON SCIENTIFIC                              6.1589       +44       44        0
    ENTERGY                                        5.8767       +79       94       15
    LOCKHEED MARTIN                                5.4497       +74       84       10
    SOUTHERN                                       5.0087       +67       82       15

  Top 5 followers (lowest net_strength):
    AMERICAN ELECTRIC POWER                       -7.8306       -43       65      108
    OCCIDENTAL PETROLEUM                          -8.2588       -97       58      155
    CONSOLIDATED EDISON                          -11.3222      -187       10      197
    CENTERPOINT ENERGY                           -12.2131      -103       34      137
    STRYKER                                      -12.3245       -30        7       37
  Edges CSV written              : 12,758 edges
  Node attrs CSV written         : 284 nodes
  GML written (284 nodes, 12758 edges) -> /Users/prathitkurup/Library/CloudStorage/OneDrive-BowdoinCollege/Desktop/Independent Study/Lobbying-Networks-Research/visualizations/gml/rbo_directed_influence_112.gml
  PNG saved -> /Users/prathitkurup/Library/CloudStorage/OneDrive-BowdoinCollege/Desktop/Independent Study/Lobbying-Networks-Research/visualizations/png/rbo_directed_influence_112.png
  PNG written                    : rbo_directed_influence_112.png

============================================================
Congress 113  (2013–2014)
============================================================
  ind=y reports 2013-2014        : 88,145
  Matched to name mapping       : 4,061  (4.6%)
  Firms matched                 : 352 / 500
  Not matched (148)            : A-MARK PRECIOUS METALS, ADVANCE AUTO PARTS, ALBERTSONS, ALLEGHANY, ALTICE USA, AMERICAN AXLE & MANUFACTURING, AMPHENOL, ANALOG DEVICES ...
  Active reports (≥1 lobbyist)  : 3,996  (dropped 65)
  Reports CSV written            : 31,363 rows
  Issues CSV written             : 16,527 rows

  Running RBO directed influence...
  29,632 rows  |  288 firms  |  1964 bills
  Warning: 1 firm(s) excluded (zero total budget).

[prevalence filter] bill_number: removed 10 / 1963 units with df > 50 (0.5%)
  Ranked lists CSV -> ranked_bill_lists.csv  (286 firms, 4511 rows)
  Firms with ranked lists        : 286

  Total edges in DiGraph: 12,430  (6,215 unique pairs: decisive=3,505  balanced=2,710)
  Mean RBO:               0.0476
  Mean net_temporal (decisive pairs): 1.43
  Mean shared_bills (decisive pairs): 2.8

  Top 8 agenda-setters (net_strength):
    Firm                                          net_str   net_inf   Firsts   Losses
    ORACLE                                        13.3865      +171      177        6
    TEXAS INSTRUMENTS                              7.0174       +68       84       16
    LOCKHEED MARTIN                                5.8317       +49       88       39
    FIRSTENERGY                                    5.4311       +67       68        1
    IBM                                            5.3590       +81      112       31
    AMERICAN FAMILY INSURANCE GROUP                5.3093       +59       69       10
    APPLE                                          4.9850       +50       58        8
    DTE ENERGY                                     4.2429       +48       70       22

  Top 5 followers (lowest net_strength):
    DUPONT DE NEMOURS                             -6.4058       -37       50       87
    AMAZON                                        -6.4461       -36       43       79
    COCA-COLA                                     -6.6213       -51       43       94
    ALLY FINANCIAL                                -8.1831      -135       26      161
    CISCO SYSTEMS                                 -8.8894       -78       50      128
  Edges CSV written              : 12,430 edges
  Node attrs CSV written         : 286 nodes
  GML written (286 nodes, 12430 edges) -> /Users/prathitkurup/Library/CloudStorage/OneDrive-BowdoinCollege/Desktop/Independent Study/Lobbying-Networks-Research/visualizations/gml/rbo_directed_influence_113.gml
  PNG saved -> /Users/prathitkurup/Library/CloudStorage/OneDrive-BowdoinCollege/Desktop/Independent Study/Lobbying-Networks-Research/visualizations/png/rbo_directed_influence_113.png
  PNG written                    : rbo_directed_influence_113.png

============================================================
Congress 114  (2015–2016)
============================================================
  ind=y reports 2015-2016        : 86,433
  Matched to name mapping       : 4,074  (4.7%)
  Firms matched                 : 370 / 500
  Not matched (130)            : A-MARK PRECIOUS METALS, ADVANCE AUTO PARTS, AGCO, ALBERTSONS, ALLEGHANY, AMERICAN AXLE & MANUFACTURING, AMPHENOL, ANALOG DEVICES ...
  Active reports (≥1 lobbyist)  : 4,015  (dropped 59)
  Reports CSV written            : 32,748 rows
  Issues CSV written             : 17,547 rows

  Running RBO directed influence...
  31,056 rows  |  290 firms  |  2002 bills
  Warning: 3 firm(s) excluded (zero total budget).

[prevalence filter] bill_number: removed 10 / 2001 units with df > 50 (0.5%)
  Ranked lists CSV -> ranked_bill_lists.csv  (285 firms, 4718 rows)
  Firms with ranked lists        : 285

  Total edges in DiGraph: 14,870  (7,435 unique pairs: decisive=4,219  balanced=3,216)
  Mean RBO:               0.0476
  Mean net_temporal (decisive pairs): 1.44
  Mean shared_bills (decisive pairs): 2.9

  Top 8 agenda-setters (net_strength):
    Firm                                          net_str   net_inf   Firsts   Losses
    NORTHWESTERN MUTUAL                           10.9768       +66       98       32
    XCEL ENERGY                                    8.0060       +77       90       13
    TIAA                                           7.1080       +40       40        0
    NORTHROP GRUMMAN                               6.8710       +84       88        4
    LOCKHEED MARTIN                                6.8000      +135      151       16
    HP                                             6.5014       +84       93        9
    DTE ENERGY                                     6.3751       +90       90        0
    AT&T                                           5.8904       +91       94        3

  Top 5 followers (lowest net_strength):
    AMEREN                                        -6.3323      -124       46      170
    SYNCHRONY FINANCIAL                           -8.2801       -76       14       90
    ALPHABET                                      -8.6268       -55       23       78
    HEWLETT PACKARD ENTERPRISE                    -9.9203      -153       29      182
    AIG                                          -12.4444      -101       30      131
  Edges CSV written              : 14,870 edges
  Node attrs CSV written         : 285 nodes
  GML written (285 nodes, 14870 edges) -> /Users/prathitkurup/Library/CloudStorage/OneDrive-BowdoinCollege/Desktop/Independent Study/Lobbying-Networks-Research/visualizations/gml/rbo_directed_influence_114.gml
  PNG saved -> /Users/prathitkurup/Library/CloudStorage/OneDrive-BowdoinCollege/Desktop/Independent Study/Lobbying-Networks-Research/visualizations/png/rbo_directed_influence_114.png
  PNG written                    : rbo_directed_influence_114.png

============================================================
Congress 115  (2017–2018)
============================================================
  ind=y reports 2017-2018        : 91,691
  Matched to name mapping       : 4,407  (4.8%)
  Firms matched                 : 386 / 500
  Not matched (114)            : A-MARK PRECIOUS METALS, ADVANCE AUTO PARTS, AGCO, ALBERTSONS, ALLEGHANY, AMERICAN AXLE & MANUFACTURING, AMPHENOL, ANALOG DEVICES ...
  Active reports (≥1 lobbyist)  : 4,341  (dropped 66)
  Reports CSV written            : 25,664 rows
  Issues CSV written             : 17,826 rows

  Running RBO directed influence...
  23,631 rows  |  310 firms  |  2002 bills
  Warning: 1 firm(s) excluded (zero total budget).

[prevalence filter] bill_number: removed 3 / 2002 units with df > 50 (0.1%)
  Ranked lists CSV -> ranked_bill_lists.csv  (291 firms, 4347 rows)
  Firms with ranked lists        : 291

  Total edges in DiGraph: 11,056  (5,528 unique pairs: decisive=3,079  balanced=2,449)
  Mean RBO:               0.0508
  Mean net_temporal (decisive pairs): 1.42
  Mean shared_bills (decisive pairs): 3.0

  Top 8 agenda-setters (net_strength):
    Firm                                          net_str   net_inf   Firsts   Losses
    HARTFORD FINANCIAL SERVICES                    7.6948       +23       57       34
    BOSTON SCIENTIFIC                              6.5841       +59       63        4
    STATE FARM INSURANCE                           6.3583       +59       76       17
    EXELON                                         6.0965       +46       57       11
    JPMORGAN CHASE & CO.                           5.1448       +28       43       15
    GENERAL DYNAMICS                               4.7693       +78       89       11
    AT&T                                           4.4195       +54       54        0
    TEXTRON                                        4.2652       +59       81       22

  Top 5 followers (lowest net_strength):
    SOUTHWEST AIRLINES                            -6.6392       -54       24       78
    LIBERTY MUTUAL INSURANCE GROUP                -6.8825       -35       19       54
    ALASKA AIR GROUP                              -7.7096       -71       23       94
    WELLS FARGO                                   -9.7199       -38       17       55
    LINCOLN NATIONAL                              -9.9878       -56       35       91
  Edges CSV written              : 11,056 edges
  Node attrs CSV written         : 291 nodes
  GML written (291 nodes, 11056 edges) -> /Users/prathitkurup/Library/CloudStorage/OneDrive-BowdoinCollege/Desktop/Independent Study/Lobbying-Networks-Research/visualizations/gml/rbo_directed_influence_115.gml
  PNG saved -> /Users/prathitkurup/Library/CloudStorage/OneDrive-BowdoinCollege/Desktop/Independent Study/Lobbying-Networks-Research/visualizations/png/rbo_directed_influence_115.png
  PNG written                    : rbo_directed_influence_115.png

============================================================
Congress 116  (2019–2020)
============================================================
  ind=y reports 2019-2020        : 97,750
  Matched to name mapping       : 4,576  (4.7%)
  Firms matched                 : 382 / 500
  Not matched (118)            : A-MARK PRECIOUS METALS, ADVANCE AUTO PARTS, AGCO, ALBERTSONS, ALLEGHANY, AMERICAN AXLE & MANUFACTURING, AMPHENOL, ANADARKO PETROLEUM ...
  Active reports (≥1 lobbyist)  : 4,479  (dropped 97)
  Reports CSV written            : 25,676 rows
  Issues CSV written             : 17,995 rows

  Running RBO directed influence...
  23,535 rows  |  309 firms  |  2245 bills
  Warning: 1 firm(s) excluded (zero total budget).

[prevalence filter] bill_number: removed 11 / 2245 units with df > 50 (0.5%)
  Ranked lists CSV -> ranked_bill_lists.csv  (293 firms, 4092 rows)
  Firms with ranked lists        : 293

  Total edges in DiGraph: 7,738  (3,869 unique pairs: decisive=1,890  balanced=1,979)
  Mean RBO:               0.0622
  Mean net_temporal (decisive pairs): 1.47
  Mean shared_bills (decisive pairs): 2.8

  Top 8 agenda-setters (net_strength):
    Firm                                          net_str   net_inf   Firsts   Losses
    DTE ENERGY                                     5.8428       +43       53       10
    CUMMINS                                        5.3093       +58       75       17
    CALPINE                                        4.9431       +53       58        5
    ABBVIE                                         4.1670       +36       40        4
    CMS ENERGY                                     3.8887       +31       31        0
    BERKSHIRE HATHAWAY                             3.7763       +11       24       13
    MICROSOFT                                      3.3167       +23       29        6
    LABORATORY CORP. OF AMERICA                    2.8698       +18       29       11

  Top 5 followers (lowest net_strength):
    MUTUAL OF OMAHA INSURANCE                     -5.2195      -115       13      128
    ORACLE                                        -5.2279       -22       17       39
    PPL                                           -5.2932       -21       38       59
    CSX                                           -6.1999       -15        6       21
    AMERICAN ELECTRIC POWER                       -8.5146       -43       32       75
  Edges CSV written              : 7,738 edges
  Node attrs CSV written         : 293 nodes
  GML written (293 nodes, 7738 edges) -> /Users/prathitkurup/Library/CloudStorage/OneDrive-BowdoinCollege/Desktop/Independent Study/Lobbying-Networks-Research/visualizations/gml/rbo_directed_influence_116.gml
  PNG saved -> /Users/prathitkurup/Library/CloudStorage/OneDrive-BowdoinCollege/Desktop/Independent Study/Lobbying-Networks-Research/visualizations/png/rbo_directed_influence_116.png
  PNG written                    : rbo_directed_influence_116.png

============================================================
Congress 117  (2021–2022)
============================================================
  ind=y reports 2021-2022        : 113,107
  Matched to name mapping       : 4,794  (4.2%)
  Firms matched                 : 377 / 500
  Not matched (123)            : A-MARK PRECIOUS METALS, ADVANCE AUTO PARTS, AGCO, AK STEEL HOLDING, ALBERTSONS, ALLEGHANY, AMERICAN AXLE & MANUFACTURING, AMPHENOL ...
  Active reports (≥1 lobbyist)  : 4,650  (dropped 144)
  Reports CSV written            : 25,015 rows
  Issues CSV written             : 18,099 rows

  Running RBO directed influence...
  22,724 rows  |  308 firms  |  1867 bills

[prevalence filter] bill_number: removed 12 / 1867 units with df > 50 (0.6%)
  Ranked lists CSV -> ranked_bill_lists.csv  (286 firms, 3686 rows)
  Firms with ranked lists        : 286

  Total edges in DiGraph: 7,116  (3,558 unique pairs: decisive=2,007  balanced=1,551)
  Mean RBO:               0.0605
  Mean net_temporal (decisive pairs): 1.49
  Mean shared_bills (decisive pairs): 2.7

  Top 8 agenda-setters (net_strength):
    Firm                                          net_str   net_inf   Firsts   Losses
    HEWLETT PACKARD ENTERPRISE                     6.9005       +44       47        3
    AMAZON                                         5.8442       +40       53       13
    LOCKHEED MARTIN                                5.8116       +57       66        9
    EXELON                                         5.5102       +49       56        7
    MERCK                                          4.6861       +24       33        9
    GRAPHIC PACKAGING HOLDING                      4.6217       +24       31        7
    UNITED AIRLINES HOLDINGS                       4.3094       +19       28        9
    WESTROCK                                       3.7119       +18       25        7

  Top 5 followers (lowest net_strength):
    INTEL                                         -5.4040       -20       58       78
    COCA-COLA                                     -5.5209       -32       11       43
    GENERAL MILLS                                 -6.4482       -47       17       64
    CENTERPOINT ENERGY                            -6.4640       -83       24      107
    AMEREN                                        -7.1656       -60       20       80
  Edges CSV written              : 7,116 edges
  Node attrs CSV written         : 286 nodes
  GML written (286 nodes, 7116 edges) -> /Users/prathitkurup/Library/CloudStorage/OneDrive-BowdoinCollege/Desktop/Independent Study/Lobbying-Networks-Research/visualizations/gml/rbo_directed_influence_117.gml
  PNG saved -> /Users/prathitkurup/Library/CloudStorage/OneDrive-BowdoinCollege/Desktop/Independent Study/Lobbying-Networks-Research/visualizations/png/rbo_directed_influence_117.png
  PNG written                    : rbo_directed_influence_117.png

Done. Per-congress outputs in: data/congress/{num}/
