========================================================================
CROSS-CONGRESSIONAL STABILITY  (111th–117th Congress)
Fortune 500 firms active in all 7 sessions
========================================================================

COVERAGE
----------------------------------------
  Congress 111:  246 firms  |  12330 total edges  (6,165 pairs: decisive=3,837  balanced=2,328)
  Congress 112:  258 firms  |  12758 total edges  (6,379 pairs: decisive=3,598  balanced=2,781)
  Congress 113:  262 firms  |  12430 total edges  (6,215 pairs: decisive=3,505  balanced=2,710)
  Congress 114:  258 firms  |  14870 total edges  (7,435 pairs: decisive=4,219  balanced=3,216)
  Congress 115:  260 firms  |  11056 total edges  (5,528 pairs: decisive=3,079  balanced=2,449)
  Congress 116:  259 firms  |   7738 total edges  (3,869 pairs: decisive=1,890  balanced=1,979)
  Congress 117:  255 firms  |   7116 total edges  (3,558 pairs: decisive=2,007  balanced=1,551)

  Stable set (all 7 congresses): 136 firms

  Canonical pairs (any edge in stable set): 6,869
  Pairs present in all 7 sessions: 285
  Session-count distribution: 1:2027  2:1527  3:1178  4:874  5:623  6:355  7:285

========================================================================
ANALYSIS 1: DIRECTION CONSISTENCY
----------------------------------------
  Pairs with ≥2 directed sessions: 2,858
  Mean consistency:   0.7685
  Median consistency: 0.7500
  Pairs ≥ 0.80 consistent: 1280 / 2858  (44.8%)
  Perfectly consistent (1.00): 1167 / 2858  (40.8%)

  Binomial test (H0: each session is 50/50 coin flip):
  Pairs with p < 0.05: 69 / 2858  (2.4%)  [expected under null: 5.0%]
  Pairs with majority-direction: 73.8%  [expected under null: 50.0%]

  Top 10 most direction-consistent pairs (n_directed ≥ 3):
    Firm A                                   Firm B                                    Cons.  n_dir    p(binom)
    ENTERGY                                  HONEYWELL INTERNATIONAL                   1.000      4      0.0625
    CAPITAL ONE FINANCIAL                    INTEL                                     1.000      3      0.1250
    CENTERPOINT ENERGY                       CMS ENERGY                                1.000      3      0.1250
    CHARLES SCHWAB                           NATIONWIDE                                1.000      3      0.1250
    CHARLES SCHWAB                           NORTHWESTERN MUTUAL                       1.000      3      0.1250
    CHARTER COMMUNICATIONS                   VERIZON                                   1.000      3      0.1250
    CAPITAL ONE FINANCIAL                    ORACLE                                    1.000      4      0.0625
    CHEVRON                                  PG&E                                      1.000      3      0.1250
    CISCO SYSTEMS                            IBM                                       1.000      6      0.0156
    CAPITAL ONE FINANCIAL                    IBM                                       1.000      5      0.0312

========================================================================
ANALYSIS 2: MAGNITUDE STABILITY (net_temporal)
----------------------------------------

  Spearman ρ between congresses (net_temporal, stable-set pairs):
                   111       112       113       114       115       116       117
         111     1.000    0.130*    0.099*    0.135*    0.076*    0.151*    0.237*
         112    0.130*     1.000    0.083*    0.075*    0.117*    0.146*    0.128*
         113    0.099*    0.083*     1.000    0.083*    0.044     0.039     0.062*
         114    0.135*    0.075*    0.083*     1.000    0.166*    0.114*    0.184*
         115    0.076*    0.117*    0.044     0.166*     1.000    0.121*    0.212*
         116    0.151*    0.146*    0.039     0.114*    0.121*     1.000    0.186*
         117    0.237*    0.128*    0.062*    0.184*    0.212*    0.186*     1.000
  (* p < 0.05)

  Pair counts per congress pair:
                   111       112       113       114       115       116       117
         111         —      1764      1882      1736      1352       903       977
         112      1764         —      1868      1710      1427       949      1009
         113      1882      1868         —      2014      1621       966      1057
         114      1736      1710      2014         —      1734      1025      1093
         115      1352      1427      1621      1734         —       970       982
         116       903       949       966      1025       970         —       806
         117       977      1009      1057      1093       982       806         —

  Kendall's W (net_temporal, pairs with ≥3 sessions): W = 0.1460  p = 1.8817e-01  n = 3,315 pairs

========================================================================
ANALYSIS 3: FIRM NET_STRENGTH RANK STABILITY [PRIMARY]
----------------------------------------

  Adjacent-congress Spearman ρ (net_strength, 136 stable firms):
     111-112:  ρ = 0.0489  p = 5.7154e-01  n = 136   
     112-113:  ρ = 0.1388  p = 1.0711e-01  n = 136   
     113-114:  ρ = 0.1774  p = 3.8851e-02  n = 136  *
     114-115:  ρ = 0.2926  p = 5.4800e-04  n = 136  *
     115-116:  ρ = 0.2142  p = 1.2279e-02  n = 136  *
     116-117:  ρ = 0.1439  p = 9.4599e-02  n = 136   
  (* p < 0.05)

  Kendall's W across all 7 congresses (firms with data in all 7): W = 0.2968  p = 0.0000e+00  n = 136 firms

  Top 10 highest mean net_strength firms (agenda-setters):
    Firm                                               111      112      113      114      115      116      117      Mean
    XCEL ENERGY                                     10.540    4.330    3.782    8.006    3.594    1.206    2.788     4.892
    LOCKHEED MARTIN                                  5.846    5.450    5.832    6.800    1.689    0.528    5.812     4.565
    DUKE ENERGY                                      8.012    7.936    4.243    4.763    3.819    0.907    1.460     4.449
    MICROSOFT                                        1.336   10.374   -1.425    4.855    3.683    3.317    3.088     3.604
    NORTHWESTERN MUTUAL                              0.223    1.964    3.763   10.977    3.476    1.740    1.190     3.333
    DTE ENERGY                                      -1.262    3.496    4.243    6.375    2.340    5.843    2.279     3.331
    AMERICAN FAMILY INSURANCE GROUP                  9.311    2.896    5.309    1.203    2.664    0.705   -0.045     3.149
    CMS ENERGY                                       4.220    4.041    3.109    2.845    0.936    3.889    1.001     2.863
    IBM                                             11.158   -2.341    5.359    0.485    1.456    1.470    1.662     2.750
    BOSTON SCIENTIFIC                                0.515    6.159    1.162    1.546    6.584   -0.376    0.893     2.355

  Top 5 lowest mean net_strength firms (followers):
    AMEREN                                          -0.898   -0.566   -5.786   -6.332   -1.644   -0.839   -7.166    -3.319
    CONSOLIDATED EDISON                             -6.571  -11.322   -0.375   -1.620   -0.561    0.035   -2.674    -3.298
    CENTERPOINT ENERGY                              -1.106  -12.213    1.396    0.072   -0.064   -2.713   -6.464    -3.013
    ALLY FINANCIAL                                  -7.961    0.269   -8.183   -1.984   -1.050   -0.116    0.286    -2.677
    AMERICAN ELECTRIC POWER                          1.932   -7.831   -0.098    0.880   -1.397   -8.515   -0.882    -2.273

========================================================================
ANALYSIS 4: FIRM NET_INFLUENCE RANK STABILITY [REFERENCE]
----------------------------------------

  Adjacent-congress Spearman ρ (net_influence, 136 stable firms):
     111-112:  ρ = 0.1934  p = 2.4069e-02  n = 136  *
     112-113:  ρ = 0.2930  p = 5.3700e-04  n = 136  *
     113-114:  ρ = 0.1358  p = 1.1498e-01  n = 136   
     114-115:  ρ = 0.2768  p = 1.1050e-03  n = 136  *
     115-116:  ρ = 0.2439  p = 4.2250e-03  n = 136  *
     116-117:  ρ = 0.3015  p = 3.6100e-04  n = 136  *
  (* p < 0.05)

  Kendall's W across all 7 congresses (firms with data in all 7): W = 0.3419  p = 0.0000e+00  n = 136 firms

  Top 10 firms by mean net_influence (reference):
    Firm                                             111    112    113    114    115    116    117     Mean
    LOCKHEED MARTIN                                  112     74     49    135     49     27     57     71.9
    IBM                                              144     18     81     41     59     48     19     58.6
    XCEL ENERGY                                       90     66     45     77     34     17     44     53.3
    CMS ENERGY                                        53     83     46     42     36     31     34     46.4
    DUKE ENERGY                                       90     82     42     10     27     27     41     45.6
    AT&T                                              38     58     12     91     54     31     19     43.3
    DTE ENERGY                                        11     60     48     90     30     43     17     42.7
    MICROSOFT                                         30     98    -30     55     40     23     55     38.7
    BOEING                                            58     41      2     68     49     13     33     37.7
    NORTHWESTERN MUTUAL                               27     25     47     66     55     24      7     35.9

  Top 5 lowest mean net_influence firms (reference):
    CONSOLIDATED EDISON                             -114   -187    -16    -49    -10      3    -20    -56.1
    AMEREN                                           -40     -8    -60   -124    -34    -20    -60    -49.4
    CENTERPOINT ENERGY                               -58   -103     35      2     -1    -95    -83    -43.3
    ALLY FINANCIAL                                   -99      3   -135    -33     -7      1      2    -38.3
    BAXTER INTERNATIONAL                             -50     -9    -15    -48    -12     -6     -8    -21.1

========================================================================
OUTPUT
----------------------------------------
  Text → cross_congressional_stability.txt
  Figure → cross_congressional_stability.png
========================================================================
Done.
