Traceback (most recent call last):
  File "/Users/prathitkurup/Library/CloudStorage/OneDrive-BowdoinCollege/Desktop/Independent Study/Lobbying-Networks-Research/src/validations/gen_figs_13_19.py", line 490, in <module>
    fig13()
  File "/Users/prathitkurup/Library/CloudStorage/OneDrive-BowdoinCollege/Desktop/Independent Study/Lobbying-Networks-Research/src/validations/gen_figs_13_19.py", line 98, in fig13
    fig.savefig(path, dpi=DPI, bbox_inches="tight")
  File "/opt/anaconda3/lib/python3.12/site-packages/matplotlib/figure.py", line 3395, in savefig
    self.canvas.print_figure(fname, **kwargs)
  File "/opt/anaconda3/lib/python3.12/site-packages/matplotlib/backend_bases.py", line 2204, in print_figure
    result = print_method(
             ^^^^^^^^^^^^^
  File "/opt/anaconda3/lib/python3.12/site-packages/matplotlib/backend_bases.py", line 2054, in <lambda>
    print_method = functools.wraps(meth)(lambda *args, **kwargs: meth(
                                                                 ^^^^^
  File "/opt/anaconda3/lib/python3.12/site-packages/matplotlib/backends/backend_agg.py", line 496, in print_png
    self._print_pil(filename_or_obj, "png", pil_kwargs, metadata)
  File "/opt/anaconda3/lib/python3.12/site-packages/matplotlib/backends/backend_agg.py", line 445, in _print_pil
    mpl.image.imsave(
  File "/opt/anaconda3/lib/python3.12/site-packages/matplotlib/image.py", line 1676, in imsave
    image.save(fname, **pil_kwargs)
  File "/opt/anaconda3/lib/python3.12/site-packages/PIL/Image.py", line 2563, in save
    fp = builtins.open(filename, "w+b")
         ^^^^^^^^^^^^^^^^^^^^^^^^^^^^^^
FileNotFoundError: [Errno 2] No such file or directory: '/sessions/compassionate-awesome-curie/mnt/Independent Study/Lobbying-Networks-Research/visualizations/png/13_centrality_vs_agenda_setter_heatmap.png'
