
  Lobbying Networks Pipeline  |  Mon Apr 20 21:00:51 EDT 2026
  Logs → /Users/prathitkurup/Library/CloudStorage/OneDrive-BowdoinCollege/Desktop/Independent Study/Lobbying-Networks-Research/outputs/run_logs
PASS: 01_extraction
PASS: 02_rbo_directed
FAIL: 03_mediated_adoption  →  /Users/prathitkurup/Library/CloudStorage/OneDrive-BowdoinCollege/Desktop/Independent Study/Lobbying-Networks-Research/outputs/run_logs/03_mediated_adoption_20260420_210051.log
PASS: 04_viz_mediation
PASS: 05_enrich_gml
PASS: 06_gephi_export
PASS: 07_multi_congress
PASS: 08_xc_stability
PASS: V01_extraction_audit
PASS: V02_inflation_diagnosis
PASS: V03_sparsity_analysis
PASS: V04_mega_bill_diagnosis
PASS: V05_ind_filter
FAIL: V06_rbo_cosine_unit_tests  →  /Users/prathitkurup/Library/CloudStorage/OneDrive-BowdoinCollege/Desktop/Independent Study/Lobbying-Networks-Research/outputs/run_logs/V06_rbo_cosine_unit_tests_20260420_210051.log
FAIL: V07_composite_validation  →  /Users/prathitkurup/Library/CloudStorage/OneDrive-BowdoinCollege/Desktop/Independent Study/Lobbying-Networks-Research/outputs/run_logs/V07_composite_validation_20260420_210051.log
PASS: V08_rbo_p_calibration
PASS: V10_directed_validation
PASS: V11_mediated_adoption
PASS: V12_congress_statistics
SKIPPED: V13_centrality_bcz  →  run manually on full machine
PASS: V14_influencer_regression
FAIL: V15_cross_sector  →  /Users/prathitkurup/Library/CloudStorage/OneDrive-BowdoinCollege/Desktop/Independent Study/Lobbying-Networks-Research/outputs/run_logs/V15_cross_sector_20260420_210051.log
PASS: V16_industry_hierarchy
PASS: V18_payoff_complementarity
FAIL: V19_bill_adoption_diffusion  →  /Users/prathitkurup/Library/CloudStorage/OneDrive-BowdoinCollege/Desktop/Independent Study/Lobbying-Networks-Research/outputs/run_logs/V19_bill_adoption_diffusion_20260420_210051.log
PASS: V20_stability_complementarity
FAIL: gen_figs_13_19  →  /Users/prathitkurup/Library/CloudStorage/OneDrive-BowdoinCollege/Desktop/Independent Study/Lobbying-Networks-Research/outputs/run_logs/gen_figs_13_19_20260420_210051.log
