Loading data...

[prevalence filter] bill_number: removed 11 / 2245 units with df > 50 (0.5%)

[prevalence filter] bill_number: removed 11 / 2245 units with df > 50 (0.5%)
======================================================================
SPARSITY ANALYSIS: Observed Co-lobbying vs. Random Null Model
======================================================================

-- Step 1: Network Dimensions (post-deduplication) --
  Unique firms:         381
  Unique bills (raw):   2,245
  Possible firm pairs:  72,390

-- Step 2: Firm Bill Count (degree) Distribution --
  mean    : 18.7
  median  : 8.0
  std     : 27.6
  min     : 0.0
  max     : 163.0

-- Step 3: Null Model (filtered, MAX_BILL_DF=50) --
  Bills after filtering: 2,234
  Firms after filtering: 294

  E[shared bills | median pair] = k_med²/B = 10.0² / 2234 = 0.045
  E[shared bills | mean pair]   = k_mean²/B = 21.0² / 2234 = 0.197

-- Step 4: Observed Edge Weights (filtered affiliation network) --
  Observed edges:       8,008
  Possible edges:       72,390
  Network density:      0.111  (11.1%)
  weight mean    : 2.69
  weight median  : 1.00
  weight std     : 4.64
  weight p75     : 3.00
  weight p90     : 5.00
  weight max     : 114.00

-- Step 5: Observed vs. Null --
  Median observed shared bills:  1.0
  Expected under null (median):  0.045
  Ratio (above null):            22x

  Mean observed shared bills:    2.69
  Expected under null (mean):    0.197
  Ratio (above null):            14x

-- Step 6: Zero-Edge Pairs (no shared bills) --
  Pairs with zero shared bills:  64,382  (88.9%)
  Pairs with shared bills:       8,008  (11.1%)
  → The network is sparse at the global level, but within-community
    overlap is substantially higher — motivating community analysis.

-- Interpretation --
  Co-lobbying is 22x above random chance at the median pair,
  despite the global sparsity. This is the core justification for:
  (1) treating co-lobbying edges as a meaningful coordination signal,
  (2) using community detection to find coordinated lobbying coalitions,
  (3) studying cross-industry connectors (firms bridging coalitions).

  See design_decisions.md §3 for full rationale.
======================================================================

Report written to /Users/prathitkurup/Library/CloudStorage/OneDrive-BowdoinCollege/Desktop/Independent Study/Lobbying-Networks-Research/outputs/validation/03_sparsity_analysis.txt
