================================================================
  12 — Congress Statistics & Validation
================================================================

-- CHECK 1: 117th Congress Quarter Coverage --
    PASS  —  all 8 quarters present

  Q#   Year  Cal-Q    Rows  Firms
  1    2021     Q1    1633    358
  2    2021     Q2    2613    358
  3    2021     Q3    3273    362
  4    2021     Q4    3331    360
  5    2022     Q1    3313    352
  6    2022     Q2    3486    352
  7    2022     Q3    3742    354
  8    2022     Q4    3624    355
  [fig] 12a_117_quarterly_activity.png

-- CHECK 2: 116th Congress Quarter Coverage --
    PASS  —  all 8 quarters present

  Q#   Year  Cal-Q    Rows  Firms
  1    2019     Q1    1664    361
  2    2019     Q2    2659    360
  3    2019     Q3    3200    353
  4    2019     Q4    3613    359
  5    2020     Q1    3283    360
  6    2020     Q2    3530    360
  7    2020     Q3    3893    360
  8    2020     Q4    3834    359
  [fig] 12b_116_quarterly_activity.png

-- Loading networks --
  Bill affiliation GML: 277 nodes, 7716 edges
  RBO combined GML:     293 nodes, 7738 edges
  116th graph:          259 nodes, 7738 edges
  117th graph:          255 nodes, 7116 edges

-- Community detection (Louvain / greedy-modularity fallback) --
  Using python-louvain (Blondel et al. 2008)
  116th: 16 communities detected
  117th: 20 communities detected
  [fig] 12c_community_sizes_116.png
  [fig] 12d_community_sizes_117.png
================================================================
  CHECK 3: Agenda-Setters per Community
================================================================

  -- 116th Congress --

  Community 0  (33 firms):
  Firm                                        Net-Str   Net-Inf
  LABORATORY CORP. OF AMERICA                  2.8698        18
  CVS HEALTH                                   2.6826        26
  GILEAD SCIENCES                              1.7921       -56
  CIGNA                                        1.5701        24
  RITE AID                                     1.3200         4

  Community 1  (29 firms):
  Firm                                        Net-Str   Net-Inf
  ABBVIE                                       4.1670        36
  APPLIED MATERIALS                            1.9267        12
  CITIGROUP                                    1.5480        18
  PRUDENTIAL FINANCIAL                         1.3288         8
  CATERPILLAR                                  0.9380         7

  Community 2  (34 firms):
  Firm                                        Net-Str   Net-Inf
  NORTHROP GRUMMAN                             2.0546        30
  BALL                                         1.9165        44
  ARAMARK                                      1.4781         6
  GENERAL DYNAMICS                             1.2264        27
  MICRON TECHNOLOGY                            1.0792        -4

  Community 3  (2 firms):
  Firm                                        Net-Str   Net-Inf
  KEURIG DR PEPPER                             0.0000         0
  WASTE MANAGEMENT                             0.0000         0

  Community 4  (35 firms):
  Firm                                        Net-Str   Net-Inf
  DTE ENERGY                                   5.8428        43
  CALPINE                                      4.9431        53
  CMS ENERGY                                   3.8887        31
  FIRSTENERGY                                  2.7485         6
  EXELON                                       2.0414        26

  Community 5  (4 firms):
  Firm                                        Net-Str   Net-Inf
  BERKSHIRE HATHAWAY                           3.7763        11
  UNION PACIFIC                                1.6288        10
  NORFOLK SOUTHERN                             1.0938         1
  CSX                                         -6.1999       -15

  Community 6  (60 firms):
  Firm                                        Net-Str   Net-Inf
  CUMMINS                                      5.3093        58
  MICROSOFT                                    3.3167        23
  TEXAS INSTRUMENTS                            2.4503         5
  COGNIZANT TECHNOLOGY SOLUTIONS               2.0664        13
  AT&T                                         1.7775        31

  Community 7  (20 firms):
  Firm                                        Net-Str   Net-Inf
  COCA-COLA                                    1.8890       -25
  YUM BRANDS                                   1.1294        15
  AK STEEL HOLDING                             1.0649         7
  LOWE'S                                       0.8718         5
  DEAN FOODS                                   0.6754         6

  Community 8  (33 firms):
  Firm                                        Net-Str   Net-Inf
  PNC FINANCIAL SERVICES                       2.1126         2
  WELLS FARGO                                  1.9323        12
  NORTHWESTERN MUTUAL                          1.7405        24
  ALLSTATE                                     1.2991        24
  NEW YORK LIFE INSURANCE                      1.2439         6

  Community 9  (3 firms):
  Firm                                        Net-Str   Net-Inf
  HILTON WORLDWIDE HOLDINGS                    0.6551         6
  CELANESE                                     0.0000         0
  MARRIOTT INTERNATIONAL                      -0.3715        -1

  Community 10  (1 firms):
  Firm                                        Net-Str   Net-Inf
  MORGAN STANLEY                              -0.1275        -2

  Community 11  (1 firms):
  Firm                                        Net-Str   Net-Inf
  POLARIS INC                                 -1.0195        -7

  Community 12  (1 firms):
  Firm                                        Net-Str   Net-Inf
  ARTHUR J. GALLAGHER                         -0.0592        -1

  Community 13  (1 firms):
  Firm                                        Net-Str   Net-Inf
  MASCO                                       -0.1500        -1

  Community 14  (1 firms):
  Firm                                        Net-Str   Net-Inf
  SHERWIN-WILLIAMS                            -0.0230        -1

  Community 15  (1 firms):
  Firm                                        Net-Str   Net-Inf
  KRAFT HEINZ                                 -0.1024        -3

  -- 117th Congress --

  Community 0  (48 firms):
  Firm                                        Net-Str   Net-Inf
  AMAZON                                       5.8442        40
  DELL TECHNOLOGIES                            3.2544        12
  WALGREENS BOOTS ALLIANCE                     1.7738        13
  IBM                                          1.6623        19
  CAPITAL ONE FINANCIAL                        1.6471        15

  Community 1  (24 firms):
  Firm                                        Net-Str   Net-Inf
  LABORATORY CORP. OF AMERICA                  2.3161        25
  ALLY FINANCIAL                               0.2860         2
  AMERICAN EXPRESS                             0.2139        -2
  GOLDMAN SACHS GROUP                          0.0638         1
  FIFTH THIRD BANCORP                          0.0000         0

  Community 2  (24 firms):
  Firm                                        Net-Str   Net-Inf
  HEWLETT PACKARD ENTERPRISE                   6.9005        44
  LOCKHEED MARTIN                              5.8116        57
  STATE FARM INSURANCE                         3.1726        33
  MICROSOFT                                    3.0876        55
  TEXAS INSTRUMENTS                            2.0851        21

  Community 3  (31 firms):
  Firm                                        Net-Str   Net-Inf
  EXELON                                       5.5102        49
  ENTERGY                                      2.8324        -2
  XCEL ENERGY                                  2.7881        44
  DTE ENERGY                                   2.2790        17
  PUBLIC SERVICE ENTERPRISE GROUP              2.2496         5

  Community 4  (18 firms):
  Firm                                        Net-Str   Net-Inf
  UNITED AIRLINES HOLDINGS                     4.3094        19
  SOUTHWEST AIRLINES                           1.4781        27
  ALASKA AIR GROUP                             0.5848         6
  ARCHER DANIELS MIDLAND                       0.4500         3
  PEABODY ENERGY                               0.4312         2

  Community 5  (16 firms):
  Firm                                        Net-Str   Net-Inf
  MERCK                                        4.6861        24
  CIGNA                                        1.7723        10
  HUMANA                                       1.3232        18
  HCA HEALTHCARE                               0.1340        -5
  DAVITA                                       0.0385         4

  Community 6  (14 firms):
  Firm                                        Net-Str   Net-Inf
  GRAPHIC PACKAGING HOLDING                    4.6217        24
  WESTROCK                                     3.7119        18
  SHERWIN-WILLIAMS                             3.6435        16
  ILLINOIS TOOL WORKS                          0.7523         8
  KEURIG DR PEPPER                             0.4156         4

  Community 7  (1 firms):
  Firm                                        Net-Str   Net-Inf
  S&P GLOBAL                                  -0.1275        -2

  Community 8  (1 firms):
  Firm                                        Net-Str   Net-Inf
  REGENERON PHARMACEUTICALS                   -0.0722        -2

  Community 9  (36 firms):
  Firm                                        Net-Str   Net-Inf
  NEW YORK LIFE INSURANCE                      2.1269        10
  GUARDIAN LIFE INS. CO. OF AMERICA            1.8226        23
  PRINCIPAL FINANCIAL                          1.4987         7
  BLACKROCK                                    1.4490         6
  AIG                                          1.3693         3

  Community 10  (27 firms):
  Firm                                        Net-Str   Net-Inf
  CONSTELLATION BRANDS                         1.4742        11
  AT&T                                         0.2839        19
  FLUOR                                        0.2670        11
  JABIL                                        0.2465         2
  SPIRIT AEROSYSTEMS HOLDINGS                  0.1497         3

  Community 11  (6 firms):
  Firm                                        Net-Str   Net-Inf
  HILTON WORLDWIDE HOLDINGS                    0.2653         4
  MARRIOTT INTERNATIONAL                       0.1667        -3
  LOEWS                                        0.0771         1
  CAESARS ENTERTAINMENT                        0.0000         0
  LAS VEGAS SANDS                              0.0000         0

  Community 12  (1 firms):
  Firm                                        Net-Str   Net-Inf
  FIDELITY NATIONAL INFORMATION SERVICES      -0.6000        -4

  Community 13  (1 firms):
  Firm                                        Net-Str   Net-Inf
  REPUBLIC SERVICES                           -1.6200       -12

  Community 14  (1 firms):
  Firm                                        Net-Str   Net-Inf
  UNITED HEALTH GROUP                         -0.4275        -2

  Community 15  (1 firms):
  Firm                                        Net-Str   Net-Inf
  LIVE NATION ENTERTAINMENT                   -0.0162        -2

  Community 16  (1 firms):
  Firm                                        Net-Str   Net-Inf
  EOG RESOURCES                               -0.3000        -2

  Community 17  (1 firms):
  Firm                                        Net-Str   Net-Inf
  ESTEE LAUDER                                -0.0638        -1

  Community 18  (1 firms):
  Firm                                        Net-Str   Net-Inf
  GILEAD SCIENCES                             -0.1500        -1

  Community 19  (2 firms):
  Firm                                        Net-Str   Net-Inf
  MARATHON OIL                                 0.1500         1
  HALLIBURTON                                 -0.1500        -1
================================================================
  CHECK 4: Bill-Affiliation Centrality vs RBO Agenda-Setters
================================================================

  Top 10 by Global PageRank:
  Firm                                   global_pager   Net-Inf   Comm
  BERKSHIRE HATHAWAY                          0.02154        11      3
  CMS ENERGY                                  0.02018        31      3
  DTE ENERGY                                  0.01842        43      3
  EXELON                                      0.01666        26      3
  XCEL ENERGY                                 0.01603        17      3
  IBM                                         0.01506        48      1
  ENTERGY                                     0.01465       -24      3
  GENERAL ELECTRIC                            0.01297         7      2
  NATIONWIDE                                  0.01259         4      0
  PG&E                                        0.01257        21      3

  Top 10 by Within-Comm Eigenvector:
  Firm                                   within_comm_   Net-Inf   Comm
  AT&T                                        0.51101        31      1
  VERIZON                                     0.45158        21      1
  CHARTER COMMUNICATIONS                      0.41833        12      1
  BRISTOL-MYERS SQUIBB                        0.41823        22      4
  CMS ENERGY                                  0.40665        31      3
  NATIONWIDE                                  0.40657         4      0
  BERKSHIRE HATHAWAY                          0.39824        11      3
  AMERIPRISE FINANCIAL                        0.38593        25      0
  DTE ENERGY                                  0.37969        43      3
  NORTHWESTERN MUTUAL                         0.33894        24      0

  Top 10 by Katz-Bonacich:
  Firm                                   katz_central   Net-Inf   Comm
  BERKSHIRE HATHAWAY                          0.31004        11      3
  CMS ENERGY                                  0.30752        31      3
  DTE ENERGY                                  0.28753        43      3
  EXELON                                      0.24539        26      3
  XCEL ENERGY                                 0.23608        17      3
  PPL                                         0.19576       -21      3
  ENTERGY                                     0.19231       -24      3
  PG&E                                        0.17314        21      3
  DUKE ENERGY                                 0.16053        27      3
  AMERICAN ELECTRIC POWER                     0.15953       -43      3

  Top 10 by Participation Coeff (P):
  Firm                                   participatio   Net-Inf   Comm
  KRAFT HEINZ                                 0.78400        -3      1
  KELLOGG                                     0.78110         0      0
  CATERPILLAR                                 0.78100         7      4
  CHS                                         0.77820       -31      0
  CELANESE                                    0.77810         0      0
  LAS VEGAS SANDS                             0.77780         0      0
  ARAMARK                                     0.76980         6      4
  INTERNATIONAL PAPER                         0.76780       -16      0
  KROGER                                      0.76360        -1      1
  BOSTON SCIENTIFIC                           0.75530        -5      1

  Top 10 by GA z-Score:
  Firm                                        z_score   Net-Inf   Comm
  AT&T                                        3.92100        31      1
  NATIONWIDE                                  3.52630         4      0
  AMERIPRISE FINANCIAL                        3.52630        25      0
  VERIZON                                     3.00240        21      1
  IBM                                         2.90390        48      1
  CMS ENERGY                                  2.76500        31      3
  BRISTOL-MYERS SQUIBB                        2.72810        22      4
  BERKSHIRE HATHAWAY                          2.72060        11      3
  NORTHWESTERN MUTUAL                         2.58300        24      0
  CHARTER COMMUNICATIONS                      2.52670        12      1

  Pearson correlations with RBO agenda-setter metrics:
  Metric                         r(net_str)        p | r(net_inf)        p      n
  Global PageRank                     0.228   0.0001 |      0.234   0.0001    277
  Within-Comm Eigenvector             0.217   0.0003 |      0.268   0.0000    277
  Katz-Bonacich                       0.190   0.0015 |      0.168   0.0052    277
  Participation Coeff (P)             0.044   0.4649 |      0.030   0.6247    277
  GA z-Score                          0.212   0.0004 |      0.262   0.0000    277
  [fig] 12e_scatter_pagerank_vs_netstr.png
  [fig] 12f_scatter_katz_vs_netstr.png
  [fig] 12g_top_global_pag.png
  [fig] 12g_top_within_com.png
  [fig] 12g_top_katz_centr.png

  Guimerà-Amaral role distribution (bill affiliation GML):
  peripheral            :  141  (50.9%)
  non_hub_connector     :  103  (37.2%)
  ultra_peripheral      :   22  (7.9%)
  connector_hub         :   11  (4.0%)
================================================================
  CHECK 5: Power-Law Evidence
================================================================

  Metric                           n    Gini     HHI   PL slope    PL R²   LN KS-p
  Bill-Aff Degree                277   0.416  0.0056     -1.485    0.780    0.0000
  RBO Out-Degree                 259   0.430  0.0062     -1.325    0.745    0.0000
  RBO In-Degree                  259   0.430  0.0062     -1.325    0.745    0.0000
  Bill-Aff PageRank              277   0.472  0.0071     -1.277    0.908    0.3734
  Bill-Aff Katz                  277   0.365  0.0071     -1.685    0.993    0.0000
  RBO |Net Influence|            232   0.521  0.0098     -1.053    0.832    0.0157

  Interpretation guide:
  Gini > 0.6 and PL slope ≈ -1 to -2 suggests power-law-like concentration.
  LN KS-p < 0.05 means log-normal fit is rejected (consistent with heavier tail).
  PL R² in log-log CCDF: closer to 1.0 = straighter power-law tail.
  [fig] 12h_loglog_ccdf_degree.png
  [fig] 12i_loglog_ccdf_centrality.png
  [fig] 12j_loglog_ccdf_rbo_influence.png
================================================================
  CHECK 6-7: Degree Histograms & Additional Charts
================================================================
  [fig] 12k_rbo_degree_hist.png
  [fig] 12l_billaff_degree_hist.png
================================================================
  CHECK 8: Community Sizes
================================================================
  [fig] 12m_billaff_comm_sizes.png

  Bill affiliation communities (Leiden):
  Comm 0: 72 firms
  Comm 1: 64 firms
  Comm 2: 49 firms
  Comm 3: 49 firms
  Comm 4: 43 firms

  Top 3 firms per bill-affiliation community (PageRank):
    Comm 0: NATIONWIDE (0.01259), AMERIPRISE FINANCIAL (0.01016), HARTFORD FINANCIAL SERVICES (0.00868)
    Comm 1: IBM (0.01506), AT&T (0.01129), AMAZON (0.00941)
    Comm 2: GENERAL ELECTRIC (0.01297), LOCKHEED MARTIN (0.01200), CUMMINS (0.01125)
    Comm 3: BERKSHIRE HATHAWAY (0.02154), CMS ENERGY (0.02018), DTE ENERGY (0.01842)
    Comm 4: CENTENE (0.00764), MUTUAL OF OMAHA INSURANCE (0.00670), BRISTOL-MYERS SQUIBB (0.00632)
================================================================
  CHECK 9: Net Influence Distribution (116th vs 117th)
================================================================

  116th Congress net_influence:
    n=293  mean=0.00  std=17.97  min=-115  max=58
    positive (agenda-setters): 125
    negative (net followers):  107
    neutral (net_inf=0):        61

  117th Congress net_influence:
    n=286  mean=0.00  std=16.85  min=-83  max=57
    positive (agenda-setters): 118
    negative (net followers):  113
    neutral (net_inf=0):        55

  KS test (116 vs 117 net_influence):  D=0.0379, p=0.9781
  -> No significant distributional difference (p >= 0.05)
  [fig] 12n_netinf_116_vs_117.png

  Top 10 Agenda-Setters — 116th Congress (by net_strength):
  Firm                                        Net-Str   Net-Inf
  DTE ENERGY                                   5.8428        43
  CUMMINS                                      5.3093        58
  CALPINE                                      4.9431        53
  ABBVIE                                       4.1670        36
  CMS ENERGY                                   3.8887        31
  BERKSHIRE HATHAWAY                           3.7763        11
  MICROSOFT                                    3.3167        23
  LABORATORY CORP. OF AMERICA                  2.8698        18
  FIRSTENERGY                                  2.7485         6
  CVS HEALTH                                   2.6826        26

  Top 10 Agenda-Setters — 117th Congress (by net_strength):
  Firm                                        Net-Str   Net-Inf
  HEWLETT PACKARD ENTERPRISE                   6.9005        44
  AMAZON                                       5.8442        40
  LOCKHEED MARTIN                              5.8116        57
  EXELON                                       5.5102        49
  MERCK                                        4.6861        24
  GRAPHIC PACKAGING HOLDING                    4.6217        24
  UNITED AIRLINES HOLDINGS                     4.3094        19
  WESTROCK                                     3.7119        18
  SHERWIN-WILLIAMS                             3.6435        16
  DELL TECHNOLOGIES                            3.2544        12
================================================================
  CHECK 10: Quarter-Level Activity — 117th Congress
================================================================

  Q#      Rows  Firms  Bills (w/ num)
  1       1633    358             567
  2       2613    358             859
  3       3273    362             974
  4       3331    360            1041
  5       3313    352            1103
  6       3486    352            1205
  7       3742    354            1284
  8       3624    355            1299
================================================================
  SUMMARY OF CHECKS
================================================================
  PASS  117th quarter coverage
  PASS  116th quarter coverage

  2/2 checks passed
  18 figures written to outputs/validation/figures
================================================================

Output saved: outputs/validation/12_congress_statistics.txt
