================================================================
  12 — Congress Statistics & Validation
================================================================

-- CHECK 1: 117th Congress Quarter Coverage --
    PASS  —  all 8 quarters present

  Q#   Year  Cal-Q    Rows  Firms
  1    2021     Q1    1633    358
  2    2021     Q2    2613    358
  3    2021     Q3    3273    362
  4    2021     Q4    3331    360
  5    2022     Q1    3313    352
  6    2022     Q2    3486    352
  7    2022     Q3    3742    354
  8    2022     Q4    3624    355
  [fig] 12a_117_quarterly_activity.png

-- CHECK 2: 116th Congress Quarter Coverage --
    PASS  —  all 8 quarters present

  Q#   Year  Cal-Q    Rows  Firms
  1    2019     Q1    1664    361
  2    2019     Q2    2659    360
  3    2019     Q3    3200    353
  4    2019     Q4    3613    359
  5    2020     Q1    3283    360
  6    2020     Q2    3530    360
  7    2020     Q3    3893    360
  8    2020     Q4    3834    359
  [fig] 12b_116_quarterly_activity.png

-- Loading networks --
  Bill affiliation GML: 277 nodes, 7716 edges
  RBO combined GML:     293 nodes, 7738 edges
  116th graph:          259 nodes, 3869 edges
  117th graph:          255 nodes, 3558 edges

-- Community detection (Louvain / greedy-modularity fallback) --
  Using python-louvain (Blondel et al. 2008)
  116th: 10 communities detected
  117th: 12 communities detected
  [fig] 12c_community_sizes_116.png
  [fig] 12d_community_sizes_117.png
================================================================
  CHECK 3: Agenda-Setters per Community
================================================================

  -- 116th Congress --

  Community 0  (2 firms):
  Firm                                        Net-Str   Net-Inf
  WASTE MANAGEMENT                             0.0000         0
  KEURIG DR PEPPER                             0.0000         0

  Community 1  (32 firms):
  Firm                                        Net-Str   Net-Inf
  ABBVIE                                       1.3038        36
  APPLIED MATERIALS                            1.1510        12
  CITIGROUP                                    1.1308        18
  AMERIPRISE FINANCIAL                         0.7599        25
  PRUDENTIAL FINANCIAL                         0.7531         8

  Community 2  (49 firms):
  Firm                                        Net-Str   Net-Inf
  BALL                                         1.1876        44
  NORTHROP GRUMMAN                             0.9852        30
  MICRON TECHNOLOGY                            0.7078        -4
  EXXONMOBIL                                   0.6415        44
  GENERAL DYNAMICS                             0.6026        27

  Community 3  (4 firms):
  Firm                                        Net-Str   Net-Inf
  BERKSHIRE HATHAWAY                           1.1942        11
  UNION PACIFIC                                0.5580        10
  NORFOLK SOUTHERN                            -0.0413         1
  CSX                                         -1.5441       -15

  Community 4  (55 firms):
  Firm                                        Net-Str   Net-Inf
  CUMMINS                                      2.9281        58
  MICROSOFT                                    1.4365        23
  HEWLETT PACKARD ENTERPRISE                   1.2894        14
  COGNIZANT TECHNOLOGY SOLUTIONS               1.1971        13
  CARDINAL HEALTH                              1.1337         7

  Community 5  (3 firms):
  Firm                                        Net-Str   Net-Inf
  HILTON WORLDWIDE HOLDINGS                    0.5006         6
  CELANESE                                     0.0000         0
  MARRIOTT INTERNATIONAL                      -0.4128        -1

  Community 6  (30 firms):
  Firm                                        Net-Str   Net-Inf
  NORTHWESTERN MUTUAL                          1.4368        24
  WELLS FARGO                                  1.4360        12
  PNC FINANCIAL SERVICES                       1.2435         2
  ALLSTATE                                     1.0910        24
  NEW YORK LIFE INSURANCE                      1.0106         6

  Community 7  (17 firms):
  Firm                                        Net-Str   Net-Inf
  COCA-COLA                                    1.0469       -25
  YUM BRANDS                                   0.8744        15
  AK STEEL HOLDING                             0.3581         7
  DEAN FOODS                                   0.3543         6
  LOWE'S                                       0.3017         5

  Community 8  (36 firms):
  Firm                                        Net-Str   Net-Inf
  CVS HEALTH                                   1.4144        26
  RITE AID                                     0.9253         4
  CIGNA                                        0.9147        24
  GILEAD SCIENCES                              0.8942       -56
  MAGELLAN HEALTH                              0.8287        16

  Community 9  (31 firms):
  Firm                                        Net-Str   Net-Inf
  CMS ENERGY                                   1.7612        31
  CALPINE                                      1.7324        53
  EXELON                                       1.3168        26
  XCEL ENERGY                                  1.1224        17
  FORD                                         0.9037        27

  -- 117th Congress --

  Community 0  (31 firms):
  Firm                                        Net-Str   Net-Inf
  AMAZON                                       2.8466        40
  WALGREENS BOOTS ALLIANCE                     1.4799        13
  CAPITAL ONE FINANCIAL                        1.0595        15
  BOSTON SCIENTIFIC                            0.7929         9
  JOHNSON & JOHNSON                            0.7760        27

  Community 1  (20 firms):
  Firm                                        Net-Str   Net-Inf
  LABORATORY CORP. OF AMERICA                  1.2456        25
  ALLY FINANCIAL                               0.2860         2
  AMERICAN EXPRESS                             0.2139        -2
  FIFTH THIRD BANCORP                          0.0000         0
  VISA                                         0.0000         0

  Community 2  (32 firms):
  Firm                                        Net-Str   Net-Inf
  HEWLETT PACKARD ENTERPRISE                   3.5427        44
  LOCKHEED MARTIN                              2.9495        57
  STATE FARM INSURANCE                         1.5438        33
  MICROSOFT                                    1.3472        55
  TEXAS INSTRUMENTS                            1.2062        21

  Community 3  (27 firms):
  Firm                                        Net-Str   Net-Inf
  DTE ENERGY                                   1.5681        17
  EXELON                                       1.4716        49
  PUBLIC SERVICE ENTERPRISE GROUP              1.3833         5
  XCEL ENERGY                                  1.0818        44
  DUKE ENERGY                                  0.9153        41

  Community 4  (2 firms):
  Firm                                        Net-Str   Net-Inf
  MARATHON OIL                                 0.1500         1
  HALLIBURTON                                 -0.1500        -1

  Community 5  (24 firms):
  Firm                                        Net-Str   Net-Inf
  MERCK                                        2.1489        24
  CIGNA                                        0.8217        10
  HUMANA                                       0.7060        18
  CVS HEALTH                                   0.2707        12
  ELI LILLY                                    0.2016         2

  Community 6  (14 firms):
  Firm                                        Net-Str   Net-Inf
  SHERWIN-WILLIAMS                             1.7355        16
  GRAPHIC PACKAGING HOLDING                    1.2971        24
  WESTROCK                                     1.2507        18
  ILLINOIS TOOL WORKS                          0.4441         8
  KEURIG DR PEPPER                             0.2078         4

  Community 7  (42 firms):
  Firm                                        Net-Str   Net-Inf
  UNITED AIRLINES HOLDINGS                     1.5187        19
  ALASKA AIR GROUP                             0.5201         6
  ARCHER DANIELS MIDLAND                       0.4500         3
  SOUTHWEST AIRLINES                           0.3118        27
  TESLA                                        0.2552         5

  Community 8  (13 firms):
  Firm                                        Net-Str   Net-Inf
  NORTHWESTERN MUTUAL                          0.7371         7
  BOEING                                       0.6905        33
  SYSCO                                        0.3136         3
  TENET HEALTHCARE                             0.2499         2
  AFLAC                                        0.1357         6

  Community 9  (14 firms):
  Firm                                        Net-Str   Net-Inf
  IBM                                          1.1628        19
  NEWS CORP.                                   1.1111         9
  PAYPAL HOLDINGS                              0.6412         3
  WALT DISNEY                                  0.5412        -9
  COGNIZANT TECHNOLOGY SOLUTIONS               0.0938        -1

  Community 10  (6 firms):
  Firm                                        Net-Str   Net-Inf
  HILTON WORLDWIDE HOLDINGS                    0.2026         4
  MARRIOTT INTERNATIONAL                       0.1041        -3
  LOEWS                                        0.0242         1
  CAESARS ENTERTAINMENT                        0.0000         0
  LAS VEGAS SANDS                              0.0000         0

  Community 11  (30 firms):
  Firm                                        Net-Str   Net-Inf
  NEW YORK LIFE INSURANCE                      1.7138        10
  BLACKROCK                                    1.4490         6
  GUARDIAN LIFE INS. CO. OF AMERICA            1.1178        23
  AIG                                          1.0223         3
  PRINCIPAL FINANCIAL                          0.9940         7
================================================================
  CHECK 4: Bill-Affiliation Centrality vs RBO Agenda-Setters
================================================================

  Top 10 by Global PageRank:
  Firm                                   global_pager   Net-Inf   Comm
  BERKSHIRE HATHAWAY                          0.02154        11      3
  CMS ENERGY                                  0.02018        31      3
  DTE ENERGY                                  0.01842        43      3
  EXELON                                      0.01666        26      3
  XCEL ENERGY                                 0.01603        17      3
  IBM                                         0.01506        48      1
  ENTERGY                                     0.01465       -24      3
  GENERAL ELECTRIC                            0.01297         7      2
  NATIONWIDE                                  0.01259         4      0
  PG&E                                        0.01257        21      3

  Top 10 by Within-Comm Eigenvector:
  Firm                                   within_comm_   Net-Inf   Comm
  AT&T                                        0.51101        31      1
  VERIZON                                     0.45158        21      1
  CHARTER COMMUNICATIONS                      0.41833        12      1
  BRISTOL-MYERS SQUIBB                        0.41823        22      4
  CMS ENERGY                                  0.40665        31      3
  NATIONWIDE                                  0.40657         4      0
  BERKSHIRE HATHAWAY                          0.39824        11      3
  AMERIPRISE FINANCIAL                        0.38593        25      0
  DTE ENERGY                                  0.37969        43      3
  NORTHWESTERN MUTUAL                         0.33894        24      0

  Top 10 by Katz-Bonacich:
  Firm                                   katz_central   Net-Inf   Comm
  BERKSHIRE HATHAWAY                          0.31004        11      3
  CMS ENERGY                                  0.30752        31      3
  DTE ENERGY                                  0.28753        43      3
  EXELON                                      0.24539        26      3
  XCEL ENERGY                                 0.23608        17      3
  PPL                                         0.19576       -21      3
  ENTERGY                                     0.19231       -24      3
  PG&E                                        0.17314        21      3
  DUKE ENERGY                                 0.16053        27      3
  AMERICAN ELECTRIC POWER                     0.15953       -43      3

  Top 10 by Participation Coeff (P):
  Firm                                   participatio   Net-Inf   Comm
  KRAFT HEINZ                                 0.78400        -3      1
  KELLOGG                                     0.78110         0      0
  CATERPILLAR                                 0.78100         7      4
  CHS                                         0.77820       -31      0
  CELANESE                                    0.77810         0      0
  LAS VEGAS SANDS                             0.77780         0      0
  ARAMARK                                     0.76980         6      4
  INTERNATIONAL PAPER                         0.76780       -16      0
  KROGER                                      0.76360        -1      1
  BOSTON SCIENTIFIC                           0.75530        -5      1

  Top 10 by GA z-Score:
  Firm                                        z_score   Net-Inf   Comm
  AT&T                                        3.92100        31      1
  NATIONWIDE                                  3.52630         4      0
  AMERIPRISE FINANCIAL                        3.52630        25      0
  VERIZON                                     3.00240        21      1
  IBM                                         2.90390        48      1
  CMS ENERGY                                  2.76500        31      3
  BRISTOL-MYERS SQUIBB                        2.72810        22      4
  BERKSHIRE HATHAWAY                          2.72060        11      3
  NORTHWESTERN MUTUAL                         2.58300        24      0
  CHARTER COMMUNICATIONS                      2.52670        12      1

  Pearson correlations with RBO agenda-setter metrics:
  Metric                         r(net_str)        p | r(net_inf)        p      n
  Global PageRank                     0.247   0.0000 |      0.234   0.0001    277
  Within-Comm Eigenvector             0.256   0.0000 |      0.268   0.0000    277
  Katz-Bonacich                       0.187   0.0018 |      0.168   0.0052    277
  Participation Coeff (P)             0.060   0.3213 |      0.030   0.6247    277
  GA z-Score                          0.251   0.0000 |      0.262   0.0000    277
  [fig] 12e_scatter_pagerank_vs_netstr.png
  [fig] 12f_scatter_katz_vs_netstr.png
  [fig] 12g_top_global_pag.png
  [fig] 12g_top_within_com.png
  [fig] 12g_top_katz_centr.png

  Guimerà-Amaral role distribution (bill affiliation GML):
  peripheral            :  141  (50.9%)
  non_hub_connector     :  103  (37.2%)
  ultra_peripheral      :   22  (7.9%)
  connector_hub         :   11  (4.0%)
================================================================
  CHECK 5: Power-Law Evidence
================================================================

  Metric                           n    Gini     HHI   PL slope    PL R²   LN KS-p
  Bill-Aff Degree                277   0.416  0.0056     -1.485    0.780    0.0000
  RBO Out-Degree                 259   0.430  0.0062     -1.325    0.745    0.0000
  RBO In-Degree                  259   0.430  0.0062     -1.325    0.745    0.0000
  Bill-Aff PageRank              277   0.472  0.0071     -1.277    0.908    0.3734
  Bill-Aff Katz                  277   0.365  0.0071     -1.685    0.993    0.0000
  RBO |Net Influence|            232   0.521  0.0098     -1.053    0.832    0.0157

  Interpretation guide:
  Gini > 0.6 and PL slope ≈ -1 to -2 suggests power-law-like concentration.
  LN KS-p < 0.05 means log-normal fit is rejected (consistent with heavier tail).
  PL R² in log-log CCDF: closer to 1.0 = straighter power-law tail.
  [fig] 12h_loglog_ccdf_degree.png
  [fig] 12i_loglog_ccdf_centrality.png
  [fig] 12j_loglog_ccdf_rbo_influence.png
================================================================
  CHECK 6-7: Degree Histograms & Additional Charts
================================================================
  [fig] 12k_rbo_degree_hist.png
  [fig] 12l_billaff_degree_hist.png
================================================================
  CHECK 8: Community Sizes
================================================================
  [fig] 12m_billaff_comm_sizes.png

  Bill affiliation communities (Leiden):
  Comm 0: 72 firms
  Comm 1: 64 firms
  Comm 2: 49 firms
  Comm 3: 49 firms
  Comm 4: 43 firms

  Top 3 firms per bill-affiliation community (PageRank):
    Comm 0: NATIONWIDE (0.01259), AMERIPRISE FINANCIAL (0.01016), HARTFORD FINANCIAL SERVICES (0.00868)
    Comm 1: IBM (0.01506), AT&T (0.01129), AMAZON (0.00941)
    Comm 2: GENERAL ELECTRIC (0.01297), LOCKHEED MARTIN (0.01200), CUMMINS (0.01125)
    Comm 3: BERKSHIRE HATHAWAY (0.02154), CMS ENERGY (0.02018), DTE ENERGY (0.01842)
    Comm 4: CENTENE (0.00764), MUTUAL OF OMAHA INSURANCE (0.00670), BRISTOL-MYERS SQUIBB (0.00632)
================================================================
  CHECK 9: Net Influence Distribution (116th vs 117th)
================================================================

  116th Congress net_influence:
    n=293  mean=0.00  std=17.97  min=-115  max=58
    positive (agenda-setters): 125
    negative (net followers):  107
    neutral (net_inf=0):        61

  117th Congress net_influence:
    n=286  mean=0.00  std=16.85  min=-83  max=57
    positive (agenda-setters): 118
    negative (net followers):  113
    neutral (net_inf=0):        55

  KS test (116 vs 117 net_influence):  D=0.0379, p=0.9781
  -> No significant distributional difference (p >= 0.05)
  [fig] 12n_netinf_116_vs_117.png

  Top 10 Agenda-Setters — 116th Congress (by net_strength):
  Firm                                        Net-Str   Net-Inf
  CUMMINS                                      2.9281        58
  CMS ENERGY                                   1.7612        31
  CALPINE                                      1.7324        53
  NORTHWESTERN MUTUAL                          1.4368        24
  MICROSOFT                                    1.4365        23
  WELLS FARGO                                  1.4360        12
  CVS HEALTH                                   1.4144        26
  EXELON                                       1.3168        26
  ABBVIE                                       1.3038        36
  HEWLETT PACKARD ENTERPRISE                   1.2894        14

  Top 10 Agenda-Setters — 117th Congress (by net_strength):
  Firm                                        Net-Str   Net-Inf
  HEWLETT PACKARD ENTERPRISE                   3.5427        44
  LOCKHEED MARTIN                              2.9495        57
  AMAZON                                       2.8466        40
  MERCK                                        2.1489        24
  SHERWIN-WILLIAMS                             1.7355        16
  NEW YORK LIFE INSURANCE                      1.7138        10
  DTE ENERGY                                   1.5681        17
  STATE FARM INSURANCE                         1.5438        33
  UNITED AIRLINES HOLDINGS                     1.5187        19
  WALGREENS BOOTS ALLIANCE                     1.4799        13
================================================================
  CHECK 10: Quarter-Level Activity — 117th Congress
================================================================

  Q#      Rows  Firms  Bills (w/ num)
  1       1633    358             567
  2       2613    358             859
  3       3273    362             974
  4       3331    360            1041
  5       3313    352            1103
  6       3486    352            1205
  7       3742    354            1284
  8       3624    355            1299
================================================================
  SUMMARY OF CHECKS
================================================================
  PASS  117th quarter coverage
  PASS  116th quarter coverage

  2/2 checks passed
  18 figures written to outputs/validation/figures
================================================================

Output saved: outputs/validation/12_congress_statistics.txt
