===========================================================================
VALIDATION 14: INFLUENCER REGRESSION (116th AND 117th CONGRESS)
===========================================================================

Outcomes:  net_strength [primary], net_influence [reference], wc_net_strength
Also runs: top-quartile OLS for net_strength (top_q_ns binary indicator)
Covariates: log_spend, log_bills, katz_centrality,
            participation_coeff, within_comm_eigenvector, wc_pagerank
Note: centrality covariates are from the 116th-Congress affiliation
      network (structural baseline for both congresses).
SE: HC3 heteroskedasticity-robust throughout.

[1/4] Loading shared covariates ...
      Centrality (116th affiliation): 277 firms
      Computing within-community PageRank (116th affiliation) ...
      WC PageRank computed: 277 firms

[2–3/4] Congress: 116th
  WARNING: congress/116/rbo_directed_influence.csv has no 'rbo' column. Re-run multi_congress_pipeline.py to regenerate. Spec C will be skipped.
  Merged dataset: 293 firms
  Complete cases (all regressors): 276

  --- 116th Congress ---

  (B) net_strength [116th]
  N=276, R²=0.0491, adj-R²=0.0351, F(HC3-adj) p=0.0358
  Variable                                  Coef  Robust SE        t        p
  -----------------------------------------------------------------------
  Intercept                               0.5803     0.4247    1.366   0.1718 
  log_spend                              -0.0585     0.0316   -1.848   0.0647 *
  log_bills                               0.0392     0.0387    1.014   0.3105 
  katz_centrality                         2.2286     1.7422    1.279   0.2008 
  participation_coeff                     0.0317     0.1748    0.181   0.8561 
  -----------------------------------------------------------------------

  (B2) top_quartile net_strength [116th]
  N=276, R²=0.1663, adj-R²=0.1540, F(HC3-adj) p=0.0000
  Variable                                  Coef  Robust SE        t        p
  -----------------------------------------------------------------------
  Intercept                               0.2630     0.2672    0.984   0.3250 
  log_spend                              -0.0285     0.0188   -1.516   0.1295 
  log_bills                               0.1069     0.0241    4.443   0.0000 ***
  katz_centrality                         1.1936     0.6444    1.852   0.0640 *
  participation_coeff                     0.1144     0.1093    1.046   0.2955 
  -----------------------------------------------------------------------

  (A) net_influence [116th]
  N=276, R²=0.0429, adj-R²=0.0288, F(HC3-adj) p=0.0682
  Variable                                  Coef  Robust SE        t        p
  -----------------------------------------------------------------------
  Intercept                              17.5882    12.7828    1.376   0.1688 
  log_spend                              -1.6089     0.9646   -1.668   0.0953 *
  log_bills                               1.1386     0.9935    1.146   0.2518 
  katz_centrality                        48.9661    38.9640    1.257   0.2089 
  participation_coeff                    -1.7823     4.6442   -0.384   0.7012 
  -----------------------------------------------------------------------

  Spec C (within-community): 0 firms with community labels
  Spec C skipped — insufficient observations (n=0). Re-run multi_congress_pipeline.py to generate edge CSV with rbo column.

  Outcome descriptives [116th]:
    net_influence         : n=293, mean=0.000, sd=17.966, p25=-5.000, p75=6.000
    net_strength          : n=293, mean=-0.000, sd=0.688, p25=-0.189, p75=0.296
    wc_net_strength       : n=0, mean=nan, sd=nan, p25=nan, p75=nan

[2–3/4] Congress: 117th
  WARNING: congress/117/rbo_directed_influence.csv has no 'rbo' column. Re-run multi_congress_pipeline.py to regenerate. Spec C will be skipped.
  Merged dataset: 286 firms
  Complete cases (all regressors): 244

  --- 117th Congress ---

  (B) net_strength [117th]
  N=244, R²=0.0340, adj-R²=0.0179, F(HC3-adj) p=0.0518
  Variable                                  Coef  Robust SE        t        p
  -----------------------------------------------------------------------
  Intercept                               0.7255     0.7187    1.009   0.3128 
  log_spend                              -0.0624     0.0474   -1.318   0.1876 
  log_bills                               0.0373     0.0577    0.646   0.5181 
  katz_centrality                         2.0534     1.4903    1.378   0.1682 
  participation_coeff                    -0.0679     0.2357   -0.288   0.7735 
  -----------------------------------------------------------------------

  (B2) top_quartile net_strength [117th]
  N=244, R²=0.1443, adj-R²=0.1300, F(HC3-adj) p=0.0000
  Variable                                  Coef  Robust SE        t        p
  -----------------------------------------------------------------------
  Intercept                               1.0234     0.3693    2.771   0.0056 ***
  log_spend                              -0.0740     0.0242   -3.057   0.0022 ***
  log_bills                               0.0940     0.0302    3.117   0.0018 ***
  katz_centrality                         0.9370     0.7871    1.190   0.2339 
  participation_coeff                    -0.0380     0.1206   -0.315   0.7526 
  -----------------------------------------------------------------------

  (A) net_influence [117th]
  N=244, R²=0.0438, adj-R²=0.0278, F(HC3-adj) p=0.1208
  Variable                                  Coef  Robust SE        t        p
  -----------------------------------------------------------------------
  Intercept                               4.5518    17.1415    0.266   0.7906 
  log_spend                              -0.7115     1.1450   -0.621   0.5343 
  log_bills                               0.8730     1.2735    0.686   0.4930 
  katz_centrality                        63.6920    32.9695    1.932   0.0534 *
  participation_coeff                     0.8313     5.4256    0.153   0.8782 
  -----------------------------------------------------------------------

  Spec C (within-community): 0 firms with community labels
  Spec C skipped — insufficient observations (n=0). Re-run multi_congress_pipeline.py to generate edge CSV with rbo column.

  Outcome descriptives [117th]:
    net_influence         : n=286, mean=0.000, sd=16.849, p25=-5.000, p75=5.000
    net_strength          : n=286, mean=0.000, sd=0.783, p25=-0.271, p75=0.220
    wc_net_strength       : n=0, mean=nan, sd=nan, p25=nan, p75=nan

[4/4] Regression results CSV → /Users/prathitkurup/Library/CloudStorage/OneDrive-BowdoinCollege/Desktop/Independent Study/Lobbying-Networks-Research/outputs/validation/14_influencer_regression.csv

  --- Interpretation summary ---

  Covariates that consistently predict net_strength [primary, Spec B]:
  [116th] net_strength: significant
    · log_spend (β=-0.058, p=0.065)
  [117th] net_strength: none significant at p<0.10

  [Reference Spec A: net_influence]
  [116th] net_influence: significant
    · log_spend (β=-1.609, p=0.095)
  [117th] net_influence: significant
    · katz_centrality (β=63.692, p=0.053)

  Validation complete.
===========================================================================

Log → /Users/prathitkurup/Library/CloudStorage/OneDrive-BowdoinCollege/Desktop/Independent Study/Lobbying-Networks-Research/outputs/validation/14_influencer_regression.txt
