/Users/prathitkurup/Library/CloudStorage/OneDrive-BowdoinCollege/Desktop/Independent Study/Lobbying-Networks-Research/src/validations/16_industry_influencer_hierarchy.py:148: DeprecationWarning: DataFrameGroupBy.apply operated on the grouping columns. This behavior is deprecated, and in a future version of pandas the grouping columns will be excluded from the operation. Either pass `include_groups=False` to exclude the groupings or explicitly select the grouping columns after groupby to silence this warning.
  .apply(lambda g: float((g["rbo"] * g["net_temporal"]).sum()))
/Users/prathitkurup/Library/CloudStorage/OneDrive-BowdoinCollege/Desktop/Independent Study/Lobbying-Networks-Research/src/validations/16_industry_influencer_hierarchy.py:148: DeprecationWarning: DataFrameGroupBy.apply operated on the grouping columns. This behavior is deprecated, and in a future version of pandas the grouping columns will be excluded from the operation. Either pass `include_groups=False` to exclude the groupings or explicitly select the grouping columns after groupby to silence this warning.
  .apply(lambda g: float((g["rbo"] * g["net_temporal"]).sum()))
/Users/prathitkurup/Library/CloudStorage/OneDrive-BowdoinCollege/Desktop/Independent Study/Lobbying-Networks-Research/src/validations/16_industry_influencer_hierarchy.py:148: DeprecationWarning: DataFrameGroupBy.apply operated on the grouping columns. This behavior is deprecated, and in a future version of pandas the grouping columns will be excluded from the operation. Either pass `include_groups=False` to exclude the groupings or explicitly select the grouping columns after groupby to silence this warning.
  .apply(lambda g: float((g["rbo"] * g["net_temporal"]).sum()))
/Users/prathitkurup/Library/CloudStorage/OneDrive-BowdoinCollege/Desktop/Independent Study/Lobbying-Networks-Research/src/validations/16_industry_influencer_hierarchy.py:148: DeprecationWarning: DataFrameGroupBy.apply operated on the grouping columns. This behavior is deprecated, and in a future version of pandas the grouping columns will be excluded from the operation. Either pass `include_groups=False` to exclude the groupings or explicitly select the grouping columns after groupby to silence this warning.
  .apply(lambda g: float((g["rbo"] * g["net_temporal"]).sum()))
/Users/prathitkurup/Library/CloudStorage/OneDrive-BowdoinCollege/Desktop/Independent Study/Lobbying-Networks-Research/src/validations/16_industry_influencer_hierarchy.py:148: DeprecationWarning: DataFrameGroupBy.apply operated on the grouping columns. This behavior is deprecated, and in a future version of pandas the grouping columns will be excluded from the operation. Either pass `include_groups=False` to exclude the groupings or explicitly select the grouping columns after groupby to silence this warning.
  .apply(lambda g: float((g["rbo"] * g["net_temporal"]).sum()))
/Users/prathitkurup/Library/CloudStorage/OneDrive-BowdoinCollege/Desktop/Independent Study/Lobbying-Networks-Research/src/validations/16_industry_influencer_hierarchy.py:148: DeprecationWarning: DataFrameGroupBy.apply operated on the grouping columns. This behavior is deprecated, and in a future version of pandas the grouping columns will be excluded from the operation. Either pass `include_groups=False` to exclude the groupings or explicitly select the grouping columns after groupby to silence this warning.
  .apply(lambda g: float((g["rbo"] * g["net_temporal"]).sum()))
/Users/prathitkurup/Library/CloudStorage/OneDrive-BowdoinCollege/Desktop/Independent Study/Lobbying-Networks-Research/src/validations/16_industry_influencer_hierarchy.py:148: DeprecationWarning: DataFrameGroupBy.apply operated on the grouping columns. This behavior is deprecated, and in a future version of pandas the grouping columns will be excluded from the operation. Either pass `include_groups=False` to exclude the groupings or explicitly select the grouping columns after groupby to silence this warning.
  .apply(lambda g: float((g["rbo"] * g["net_temporal"]).sum()))
========================================================================
VALIDATION 16: WITHIN-COMMUNITY INFLUENCER HIERARCHY (111th-117th)
========================================================================

Community labels (Leiden, 116th affiliation network):
  0: Finance/Insurance
  1: Tech/Telecom
  2: Defense/Industrial
  3: Energy/Utilities
  4: Health/Pharma

Top-N leaderboard: 5 firms per community per congress
Primary metric: wc_net_strength (RBO-weighted intra-sector temporal dominance).
Reference metric: wc_net_influence (unweighted first-mover count).

[1/3] Computing wc_net_strength and wc_net_influence for all congresses ...
      111th: 188 firms with intra-community edges
      112th: 202 firms with intra-community edges
      113th: 203 firms with intra-community edges
      114th: 214 firms with intra-community edges
      115th: 217 firms with intra-community edges
      116th: 247 firms with intra-community edges
      117th: 209 firms with intra-community edges

[2/3] Per-community leaderboards and rank stability ...

====================================================================
  Community 0: Finance/Insurance
  Total members: 72 | Stable across all 7 congresses: 34
====================================================================

  Top-5 within-community agenda-setters by congress (wc_net_strength):

  Rank   111th                                  112th                                  113th                                  114th                                  115th                                  116th                                  117th                                
  -------------------------------------------------------------------------------------------------------------------------------------------------------------------------------------------------------------------------------------------------------------------------------
  1      AMERICAN FAMILY INSU (ns=+8.35/ni=+55)  AMERICAN FAMILY INSU (ns=+2.90/ni=+21)  AMERICAN FAMILY INSU (ns=+4.55/ni=+41)  NORTHWESTERN MUTUAL (ns=+9.81/ni=+46)  HARTFORD FINANCIAL S (ns=+7.41/ni=+11)  PNC FINANCIAL SERVIC (ns=+2.23/ni=+8)  NEW YORK LIFE INSURA (ns=+1.39/ni=+6)
  2      STATE FARM INSURANCE (ns=+3.52/ni=+21)  AMERICAN EXPRESS (ns=+2.51/ni=+41)    NORTHWESTERN MUTUAL (ns=+3.05/ni=+24)  TIAA (ns=+6.67/ni=+36)                JPMORGAN CHASE & CO. (ns=+5.13/ni=+23)  WELLS FARGO (ns=+1.93/ni=+12)         BLACKROCK (ns=+1.01/ni=+4)          
  3      HARTFORD FINANCIAL S (ns=+2.95/ni=+16)  PRINCIPAL FINANCIAL (ns=+2.33/ni=+30)  USAA (ns=+2.35/ni=+35)                JPMORGAN CHASE & CO. (ns=+4.49/ni=+45)  STATE FARM INSURANCE (ns=+4.79/ni=+34)  CITIGROUP (ns=+1.58/ni=+18)           PRINCIPAL FINANCIAL (ns=+0.99/ni=+6)
  4      NATIONWIDE (ns=+1.96/ni=+36)          HARTFORD FINANCIAL S (ns=+1.33/ni=+14)  CAPITAL ONE FINANCIA (ns=+1.86/ni=+38)  U.S. BANCORP (ns=+3.91/ni=+28)        ALLSTATE (ns=+3.76/ni=+35)            NORTHWESTERN MUTUAL (ns=+1.32/ni=+14)  AIG (ns=+0.89/ni=+2)                
  5      AMERICAN EXPRESS (ns=+1.57/ni=+25)    NORTHWESTERN MUTUAL (ns=+1.29/ni=+6)  FIFTH THIRD BANCORP (ns=+1.55/ni=+20)  AMERIPRISE FINANCIAL (ns=+2.91/ni=+29)  PRUDENTIAL FINANCIAL (ns=+3.72/ni=+20)  ALLSTATE (ns=+1.19/ni=+18)            NORTHWESTERN MUTUAL (ns=+0.83/ni=+9)

  Rank stability (within-community net_strength, n=34 stable firms):

    Kendall's W = 0.2331  (chi2=53.85, p=0.0124)

    Adjacent-congress Spearman rho:
      111→112: rho=+0.273  p=0.1186 
      112→113: rho=+0.081  p=0.6495 
      113→114: rho=+0.435  p=0.0101 *
      114→115: rho=+0.156  p=0.3783 
      115→116: rho=+0.067  p=0.7068 
      116→117: rho=+0.340  p=0.0492 *

  Persistent leaders (top-5 by wc_net_strength in ≥4 of 7 congresses):
    NORTHWESTERN MUTUAL                        5/7 congresses  (112, 113, 114, 116, 117th)

====================================================================
  Community 1: Tech/Telecom
  Total members: 64 | Stable across all 7 congresses: 29
====================================================================

  Top-5 within-community agenda-setters by congress (wc_net_strength):

  Rank   111th                                  112th                                  113th                                  114th                                  115th                                  116th                                  117th                                
  -------------------------------------------------------------------------------------------------------------------------------------------------------------------------------------------------------------------------------------------------------------------------------
  1      MICROSOFT (ns=+1.77/ni=+14)           MICROSOFT (ns=+4.53/ni=+32)           ORACLE (ns=+10.70/ni=+69)             HP (ns=+5.72/ni=+42)                  MICROSOFT (ns=+2.23/ni=+23)           MICROSOFT (ns=+3.15/ni=+16)           HEWLETT PACKARD ENTE (ns=+4.30/ni=+24)
  2      IBM (ns=+1.52/ni=+23)                 CBS (ns=+2.42/ni=+26)                 TEXAS INSTRUMENTS (ns=+5.05/ni=+34)   AT&T (ns=+4.71/ni=+49)                AT&T (ns=+2.11/ni=+20)                TEXAS INSTRUMENTS (ns=+2.50/ni=+8)    DELL TECHNOLOGIES (ns=+3.23/ni=+14) 
  3      CAMPBELL SOUP (ns=+1.20/ni=+12)       INTEL (ns=+2.32/ni=+23)               IBM (ns=+3.43/ni=+22)                 FACEBOOK (ns=+3.56/ni=-4)             TEXAS INSTRUMENTS (ns=+1.62/ni=+22)   COCA-COLA (ns=+2.30/ni=-3)            AMAZON (ns=+2.85/ni=+19)            
  4      VERIZON (ns=+1.19/ni=+20)             NEWS CORP. (ns=+1.13/ni=+5)           APPLE (ns=+3.02/ni=+29)               TEXAS INSTRUMENTS (ns=+2.92/ni=+27)   IBM (ns=+1.28/ni=+25)                 HEWLETT PACKARD ENTE (ns=+2.04/ni=+11)  MICROSOFT (ns=+2.36/ni=+27)         
  5      CBS (ns=+1.10/ni=+22)                 TARGET (ns=+0.94/ni=+19)              NEWS CORP. (ns=+2.55/ni=+7)           CISCO SYSTEMS (ns=+2.39/ni=+15)       IHEARTMEDIA (ns=+1.17/ni=+12)         APPLIED MATERIALS (ns=+1.92/ni=+12)   TEXAS INSTRUMENTS (ns=+2.18/ni=+9)  

  Rank stability (within-community net_strength, n=29 stable firms):

    Kendall's W = 0.3199  (chi2=62.7, p=0.00018)

    Adjacent-congress Spearman rho:
      111→112: rho=+0.085  p=0.6620 
      112→113: rho=+0.020  p=0.9171 
      113→114: rho=-0.156  p=0.4186 
      114→115: rho=+0.389  p=0.0369 *
      115→116: rho=+0.269  p=0.1575 
      116→117: rho=+0.166  p=0.3887 

  Persistent leaders (top-5 by wc_net_strength in ≥4 of 7 congresses):
    MICROSOFT                                  5/7 congresses  (111, 112, 115, 116, 117th)
    TEXAS INSTRUMENTS                          5/7 congresses  (113, 114, 115, 116, 117th)

====================================================================
  Community 2: Defense/Industrial
  Total members: 49 | Stable across all 7 congresses: 23
====================================================================

  Top-5 within-community agenda-setters by congress (wc_net_strength):

  Rank   111th                                  112th                                  113th                                  114th                                  115th                                  116th                                  117th                                
  -------------------------------------------------------------------------------------------------------------------------------------------------------------------------------------------------------------------------------------------------------------------------------
  1      SOUTHWEST AIRLINES (ns=+2.12/ni=+17)  UNITED AIRLINES HOLD (ns=+2.89/ni=+8)  UNITED TECHNOLOGIES (ns=+2.05/ni=+15)  NORTHROP GRUMMAN (ns=+3.62/ni=+31)    UNITED AIRLINES HOLD (ns=+3.61/ni=+24)  NORTHROP GRUMMAN (ns=+1.92/ni=+24)    UNITED AIRLINES HOLD (ns=+4.19/ni=+12)
  2      BOEING (ns=+1.98/ni=+16)              L3HARRIS TECHNOLOGIE (ns=+2.56/ni=+15)  NORFOLK SOUTHERN (ns=+1.62/ni=+9)     LOCKHEED MARTIN (ns=+3.37/ni=+40)     TEXTRON (ns=+3.06/ni=+34)             BALL (ns=+1.66/ni=+29)                LOCKHEED MARTIN (ns=+2.90/ni=+29)   
  3      TEXTRON (ns=+1.59/ni=+8)              DELTA AIR LINES (ns=+2.15/ni=+24)     GENERAL ELECTRIC (ns=+1.21/ni=+12)    CORNING (ns=+1.29/ni=+13)             GENERAL DYNAMICS (ns=+2.18/ni=+31)    NORFOLK SOUTHERN (ns=+1.57/ni=+2)     GRAPHIC PACKAGING HO (ns=+2.53/ni=+9)
  4      LOCKHEED MARTIN (ns=+1.42/ni=+30)     LOCKHEED MARTIN (ns=+2.08/ni=+22)     UNITED AIRLINES HOLD (ns=+1.21/ni=+5)  UNITED AIRLINES HOLD (ns=+1.18/ni=+8)  DELTA AIR LINES (ns=+1.70/ni=+22)     UNION PACIFIC (ns=+1.50/ni=-4)        WESTROCK (ns=+1.73/ni=+7)           
  5      DELTA AIR LINES (ns=+1.21/ni=+12)     NORFOLK SOUTHERN (ns=+1.80/ni=+4)     LOCKHEED MARTIN (ns=+1.06/ni=+15)     AMERICAN AIRLINES GR (ns=+0.68/ni=+13)  LEIDOS HOLDINGS (ns=+1.51/ni=+23)     GENERAL DYNAMICS (ns=+0.91/ni=+15)    SOUTHWEST AIRLINES (ns=+1.26/ni=+14)

  Rank stability (within-community net_strength, n=23 stable firms):

    Kendall's W = 0.2979  (chi2=45.88, p=0.00205)

    Adjacent-congress Spearman rho:
      111→112: rho=+0.122  p=0.5806 
      112→113: rho=+0.248  p=0.2538 
      113→114: rho=+0.483  p=0.0196 *
      114→115: rho=+0.110  p=0.6183 
      115→116: rho=+0.302  p=0.1608 
      116→117: rho=+0.246  p=0.2578 

  Persistent leaders (top-5 by wc_net_strength in ≥4 of 7 congresses):
    LOCKHEED MARTIN                            5/7 congresses  (111, 112, 113, 114, 117th)
    UNITED AIRLINES HOLDINGS                   5/7 congresses  (112, 113, 114, 115, 117th)

====================================================================
  Community 3: Energy/Utilities
  Total members: 49 | Stable across all 7 congresses: 24
====================================================================

  Top-5 within-community agenda-setters by congress (wc_net_strength):

  Rank   111th                                  112th                                  113th                                  114th                                  115th                                  116th                                  117th                                
  -------------------------------------------------------------------------------------------------------------------------------------------------------------------------------------------------------------------------------------------------------------------------------
  1      XCEL ENERGY (ns=+8.36/ni=+50)         EXELON (ns=+5.86/ni=+36)              FIRSTENERGY (ns=+4.02/ni=+32)         XCEL ENERGY (ns=+6.54/ni=+37)         EXELON (ns=+5.92/ni=+35)              DTE ENERGY (ns=+6.16/ni=+42)          EXELON (ns=+5.49/ni=+43)            
  2      DOMINION ENERGY (ns=+6.77/ni=+44)     DUKE ENERGY (ns=+5.72/ni=+43)         DUKE ENERGY (ns=+3.33/ni=+30)         DTE ENERGY (ns=+5.24/ni=+40)          XCEL ENERGY (ns=+3.62/ni=+28)         CMS ENERGY (ns=+3.89/ni=+30)          ENTERGY (ns=+2.87/ni=+10)           
  3      DUKE ENERGY (ns=+6.71/ni=+53)         SOUTHERN (ns=+4.64/ni=+35)            XCEL ENERGY (ns=+3.26/ni=+30)         DUKE ENERGY (ns=+4.01/ni=+24)         DUKE ENERGY (ns=+3.61/ni=+20)         FIRSTENERGY (ns=+2.86/ni=+10)         XCEL ENERGY (ns=+2.76/ni=+37)       
  4      CMS ENERGY (ns=+2.27/ni=+27)          ENTERGY (ns=+4.26/ni=+43)             DTE ENERGY (ns=+2.92/ni=+22)          ENTERGY (ns=+2.24/ni=+23)             DTE ENERGY (ns=+2.01/ni=+24)          XCEL ENERGY (ns=+2.04/ni=+21)         PUBLIC SERVICE ENTER (ns=+2.19/ni=+21)
  5      EDISON INTERNATIONAL (ns=+2.20/ni=+15)  XCEL ENERGY (ns=+3.47/ni=+39)         CMS ENERGY (ns=+1.91/ni=+28)          FIRSTENERGY (ns=+2.15/ni=+24)         PPL (ns=+1.38/ni=+8)                  SOUTHERN (ns=+1.83/ni=+7)             DTE ENERGY (ns=+1.92/ni=+10)        

  Rank stability (within-community net_strength, n=24 stable firms):

    Kendall's W = 0.4462  (chi2=71.83, p=0.0)

    Adjacent-congress Spearman rho:
      111→112: rho=+0.233  p=0.2731 
      112→113: rho=+0.100  p=0.6420 
      113→114: rho=+0.454  p=0.0259 *
      114→115: rho=+0.581  p=0.0029 **
      115→116: rho=+0.363  p=0.0808 
      116→117: rho=+0.388  p=0.0611 

  Persistent leaders (top-5 by wc_net_strength in ≥4 of 7 congresses):
    XCEL ENERGY                                7/7 congresses  (111, 112, 113, 114, 115, 116, 117th)
    DUKE ENERGY                                5/7 congresses  (111, 112, 113, 114, 115th)
    DTE ENERGY                                 5/7 congresses  (113, 114, 115, 116, 117th)

====================================================================
  Community 4: Health/Pharma
  Total members: 43 | Stable across all 7 congresses: 16
====================================================================

  Top-5 within-community agenda-setters by congress (wc_net_strength):

  Rank   111th                                  112th                                  113th                                  114th                                  115th                                  116th                                  117th                                
  -------------------------------------------------------------------------------------------------------------------------------------------------------------------------------------------------------------------------------------------------------------------------------
  1      HERSHEY (ns=+0.99/ni=+5)              MERCK (ns=+0.86/ni=+7)                JOHNSON & JOHNSON (ns=+0.83/ni=+12)   MOLINA HEALTHCARE (ns=+0.80/ni=-7)    BRISTOL-MYERS SQUIBB (ns=+1.70/ni=+7)  ABBVIE (ns=+4.10/ni=+32)              MERCK (ns=+3.79/ni=+27)             
  2      AMGEN (ns=+0.76/ni=+5)                ELI LILLY (ns=+0.59/ni=+6)            RITE AID (ns=+0.65/ni=+11)            ELI LILLY (ns=+0.64/ni=+0)            ABBVIE (ns=+1.35/ni=+15)              LABORATORY CORP. OF  (ns=+2.90/ni=+22)  LABORATORY CORP. OF  (ns=+1.87/ni=+11)
  3      BRISTOL-MYERS SQUIBB (ns=+0.62/ni=+9)  ABBOTT LABORATORIES (ns=+0.36/ni=+4)  HUMANA (ns=+0.55/ni=-2)               WALGREENS BOOTS ALLI (ns=+0.44/ni=+5)  CVS HEALTH (ns=+1.22/ni=+12)          CVS HEALTH (ns=+2.54/ni=+24)          CIGNA (ns=+1.27/ni=+0)              
  4      MCKESSON (ns=+0.55/ni=+5)             AMERISOURCEBERGEN (ns=+0.15/ni=-7)    AMERISOURCEBERGEN (ns=+0.48/ni=+0)    AMGEN (ns=+0.35/ni=+5)                CENTENE (ns=+1.05/ni=+12)             GILEAD SCIENCES (ns=+2.48/ni=-2)      HUMANA (ns=+0.88/ni=+13)            
  5      CENTENE (ns=+0.34/ni=+0)              JOHNSON & JOHNSON (ns=+0.14/ni=+1)    MUTUAL OF OMAHA INSU (ns=+0.34/ni=+9)  BRISTOL-MYERS SQUIBB (ns=+0.32/ni=+5)  HUMANA (ns=+0.93/ni=+11)              CIGNA (ns=+1.54/ni=+20)               CVS HEALTH (ns=+0.74/ni=+8)         

  Rank stability (within-community net_strength, n=16 stable firms):

    Kendall's W = 0.0802  (chi2=8.42, p=0.90584)

    Adjacent-congress Spearman rho:
      111→112: rho=-0.291  p=0.2739 
      112→113: rho=+0.118  p=0.6643 
      113→114: rho=-0.176  p=0.5133 
      114→115: rho=-0.447  p=0.0825 
      115→116: rho=+0.088  p=0.7452 
      116→117: rho=+0.029  p=0.9139 

  Persistent leaders (top-5 by wc_net_strength in ≥4 of 7 congresses):
    None — no firm reaches top-5 in ≥4 of 7 congresses.

========================================================================
  Summary: Kendall's W by community
========================================================================

  Community               n_stable        W          p  interpretation
  -----------------------------------------------------------------
  Finance/Insurance             34   0.2331    0.01240  weak but significant
  Tech/Telecom                  29   0.3199    0.00018  significant concordance
  Defense/Industrial            23   0.2979    0.00205  weak but significant
  Energy/Utilities              24   0.4462    0.00000  significant concordance
  Health/Pharma                 16   0.0802    0.90584  not significant

  Rank table (firm × congress)  → /Users/prathitkurup/Library/CloudStorage/OneDrive-BowdoinCollege/Desktop/Independent Study/Lobbying-Networks-Research/outputs/validation/16_within_community_ns_by_congress.csv
  Stability summary             → /Users/prathitkurup/Library/CloudStorage/OneDrive-BowdoinCollege/Desktop/Independent Study/Lobbying-Networks-Research/outputs/validation/16_within_community_rank_stability.csv
  Log                           → /Users/prathitkurup/Library/CloudStorage/OneDrive-BowdoinCollege/Desktop/Independent Study/Lobbying-Networks-Research/outputs/validation/16_industry_influencer_hierarchy.txt

  Validation complete.
========================================================================
