========================================================================
VALIDATION 19: BILL ADOPTION DIFFUSION (116th CONGRESS)
========================================================================

Question: Is a net follower B connected to influencer A more likely
to adopt bill X that A lobbied, and does high RBO amplify that?
Horizons: Q+1, Q+2, Q+3 (a_entry_q + k ≤ 8)

[1/5] Building candidate set ...
Traceback (most recent call last):
  File "/Users/prathitkurup/Library/CloudStorage/OneDrive-BowdoinCollege/Desktop/Independent Study/Lobbying-Networks-Research/src/validations/19_bill_adoption_diffusion.py", line 614, in <module>
    main()
  File "/Users/prathitkurup/Library/CloudStorage/OneDrive-BowdoinCollege/Desktop/Independent Study/Lobbying-Networks-Research/src/validations/19_bill_adoption_diffusion.py", line 471, in main
    rbo[rbo["net_temporal"] > 0][["source", "target", "rbo"]]
    ~~~~~~~~~~~~~~~~~~~~~~~~~~~~^^^^^^^^^^^^^^^^^^^^^^^^^^^^^
  File "/opt/anaconda3/lib/python3.12/site-packages/pandas/core/frame.py", line 4108, in __getitem__
    indexer = self.columns._get_indexer_strict(key, "columns")[1]
              ^^^^^^^^^^^^^^^^^^^^^^^^^^^^^^^^^^^^^^^^^^^^^^^^
  File "/opt/anaconda3/lib/python3.12/site-packages/pandas/core/indexes/base.py", line 6200, in _get_indexer_strict
    self._raise_if_missing(keyarr, indexer, axis_name)
  File "/opt/anaconda3/lib/python3.12/site-packages/pandas/core/indexes/base.py", line 6252, in _raise_if_missing
    raise KeyError(f"{not_found} not in index")
KeyError: "['rbo'] not in index"
